\BOOKMARK [1][-]{section.0.1}{Introduction}{}% 1
\BOOKMARK [2][-]{subsection.0.1.1}{Questions about SGD}{section.0.1}% 2
\BOOKMARK [2][-]{subsection.0.1.2}{Background, notation, assumptions}{section.0.1}% 3
\BOOKMARK [2][-]{subsection.0.1.3}{Related work}{section.0.1}% 4
\BOOKMARK [1][-]{section.0.2}{Perturbative theory of SGD}{}% 5
\BOOKMARK [2][-]{subsection.0.2.1}{Trivial example}{section.0.2}% 6
\BOOKMARK [2][-]{subsection.0.2.2}{Perturbation as technique}{section.0.2}% 7
\BOOKMARK [2][-]{subsection.0.2.3}{Insights from diagrams}{section.0.2}% 8
\BOOKMARK [2][-]{subsection.0.2.4}{Resummation}{section.0.2}% 9
\BOOKMARK [1][-]{section.0.3}{Consequences of the theory}{}% 10
\BOOKMARK [2][-]{subsection.0.3.1}{SGD descends on a C-smoothed landscape and prefers minima flat w.r.t. C.}{section.0.3}% 11
\BOOKMARK [2][-]{subsection.0.3.2}{Both flat and sharp minima overfit less}{section.0.3}% 12
\BOOKMARK [2][-]{subsection.0.3.3}{High-C regions repel small-\(E,B\) SGD more than large-\(E,B\) SGD}{section.0.3}% 13
\BOOKMARK [2][-]{subsection.0.3.4}{Non-Gaussian noise affects SGD but not SDE}{section.0.3}% 14
\BOOKMARK [1][-]{section.0.4}{Experiments}{}% 15
\BOOKMARK [2][-]{subsection.0.4.1}{A}{section.0.4}% 16
\BOOKMARK [2][-]{subsection.0.4.2}{B}{section.0.4}% 17
\BOOKMARK [2][-]{subsection.0.4.3}{C}{section.0.4}% 18
\BOOKMARK [2][-]{subsection.0.4.4}{Overfitting and the width of minima}{section.0.4}% 19
\BOOKMARK [1][-]{section.0.5}{Conclusion}{}% 20
\BOOKMARK [2][-]{subsection.0.5.1}{Future work}{section.0.5}% 21
\BOOKMARK [1][-]{section.0.A}{My Proof of Theorem 1}{}% 22
\BOOKMARK [1][-]{section.0.B}{My Proof of Theorem 2}{}% 23
