\BOOKMARK [1][-]{section.0.1}{Introduction}{}% 1
\BOOKMARK [1][-]{section.0.2}{Paradigmatic example: a non-conservative entropic force}{}% 2
\BOOKMARK [2][-]{subsection.0.2.1}{Notation and assumptions}{section.0.2}% 3
\BOOKMARK [2][-]{subsection.0.2.2}{Taylor series: method and challenges}{section.0.2}% 4
\BOOKMARK [3][-]{subsubsection.0.2.2.1}{Proving Prop 0}{subsection.0.2.2}% 5
\BOOKMARK [3][-]{subsubsection.0.2.2.2}{What happens when we keep higher order terms?}{subsection.0.2.2}% 6
\BOOKMARK [3][-]{subsubsection.0.2.2.3}{Diagrams in brief}{subsection.0.2.2}% 7
\BOOKMARK [2][-]{subsection.0.2.3}{An entropic force with curl}{section.0.2}% 8
\BOOKMARK [1][-]{section.0.3}{Background, notation, assumptions}{}% 9
\BOOKMARK [1][-]{section.0.4}{Perturbative theory of SGD}{}% 10
\BOOKMARK [2][-]{subsection.0.4.1}{Diagrams arise from Taylor series and depict information-flow processes}{section.0.4}% 11
\BOOKMARK [2][-]{subsection.0.4.2}{Diagrams overcome the challenges of using Taylor series to study SGD}{section.0.4}% 12
\BOOKMARK [3][-]{subsubsection.0.4.2.1}{Resummation}{subsection.0.4.2}% 13
\BOOKMARK [2][-]{subsection.0.4.3}{Main result}{section.0.4}% 14
\BOOKMARK [1][-]{section.0.5}{Consequences of the theory}{}% 15
\BOOKMARK [2][-]{subsection.0.5.1}{Gradient noise repels SGD}{section.0.5}% 16
\BOOKMARK [2][-]{subsection.0.5.2}{SGD and SDE respond differently to changes in curvature}{section.0.5}% 17
\BOOKMARK [2][-]{subsection.0.5.3}{SGD descends on a landscape smoothed by the current C}{section.0.5}% 18
\BOOKMARK [2][-]{subsection.0.5.4}{Both flat and sharp minima overfit less}{section.0.5}% 19
\BOOKMARK [1][-]{section.0.6}{Experiments}{}% 20
\BOOKMARK [2][-]{subsection.0.6.1}{Training time, epochs, and batch size; C repels SGD more than GD}{section.0.6}% 21
\BOOKMARK [2][-]{subsection.0.6.2}{Sharp and flat minima both overfit less than medium minima}{section.0.6}% 22
\BOOKMARK [1][-]{section.0.7}{Conclusion}{}% 23
\BOOKMARK [2][-]{subsection.0.7.1}{Related work}{section.0.7}% 24
\BOOKMARK [1][-]{section.0.A}{Tutorial: how to use diagrams}{}% 25
\BOOKMARK [2][-]{subsection.0.A.1}{Two example calculations}{section.0.A}% 26
\BOOKMARK [3][-]{subsubsection.0.A.1.1}{Computations: Grids}{subsection.0.A.1}% 27
\BOOKMARK [3][-]{subsubsection.0.A.1.2}{Computations: Embeddings of diagrams into grids}{subsection.0.A.1}% 28
\BOOKMARK [3][-]{subsubsection.0.A.1.3}{Computations: Evaluating each diagram embedding}{subsection.0.A.1}% 29
\BOOKMARK [3][-]{subsubsection.0.A.1.4}{Computations: Summing the embeddings' values}{subsection.0.A.1}% 30
\BOOKMARK [2][-]{subsection.0.A.2}{How to identify the relevant grid}{section.0.A}% 31
\BOOKMARK [2][-]{subsection.0.A.3}{How to identify the relevant diagram embeddings}{section.0.A}% 32
\BOOKMARK [2][-]{subsection.0.A.4}{How to evaluate each embedding}{section.0.A}% 33
\BOOKMARK [3][-]{subsubsection.0.A.4.1}{Un-resummed values: uvalue\(D\)}{subsection.0.A.4}% 34
\BOOKMARK [3][-]{subsubsection.0.A.4.2}{Resummed values: rvaluef\(D\)}{subsection.0.A.4}% 35
\BOOKMARK [3][-]{subsubsection.0.A.4.3}{Overall}{subsection.0.A.4}% 36
\BOOKMARK [2][-]{subsection.0.A.5}{How to sum the embeddings' values}{section.0.A}% 37
\BOOKMARK [2][-]{subsection.0.A.6}{How to solve variant problems}{section.0.A}% 38
\BOOKMARK [2][-]{subsection.0.A.7}{Do diagrams streamline computation?}{section.0.A}% 39
\BOOKMARK [3][-]{subsubsection.0.A.7.1}{Effect of batch size}{subsection.0.A.7}% 40
\BOOKMARK [3][-]{subsubsection.0.A.7.2}{Effect of non-Gaussian noise at a minimum.}{subsection.0.A.7}% 41
\BOOKMARK [1][-]{section.0.B}{Mathematics of the theory}{}% 42
\BOOKMARK [2][-]{subsection.0.B.1}{Assumptions and Definitions}{section.0.B}% 43
\BOOKMARK [2][-]{subsection.0.B.2}{A key lemma \340 la Dyson}{section.0.B}% 44
\BOOKMARK [2][-]{subsection.0.B.3}{From Dyson to diagrams}{section.0.B}% 45
\BOOKMARK [2][-]{subsection.0.B.4}{Interlude: a review of M\366bius inversion}{section.0.B}% 46
\BOOKMARK [2][-]{subsection.0.B.5}{Theorems 1 and 2}{section.0.B}% 47
\BOOKMARK [2][-]{subsection.0.B.6}{Proofs of corollaries}{section.0.B}% 48
\BOOKMARK [3][-]{subsubsection.0.B.6.1}{Corollary 1}{subsection.0.B.6}% 49
\BOOKMARK [3][-]{subsubsection.0.B.6.2}{Corollary 5's first part}{subsection.0.B.6}% 50
\BOOKMARK [3][-]{subsubsection.0.B.6.3}{Corollary 5's second part}{subsection.0.B.6}% 51
\BOOKMARK [3][-]{subsubsection.0.B.6.4}{Corollaries 3 and 2}{subsection.0.B.6}% 52
\BOOKMARK [3][-]{subsubsection.0.B.6.5}{Corollary 4}{subsection.0.B.6}% 53
\BOOKMARK [2][-]{subsection.0.B.7}{Future topics}{section.0.B}% 54
\BOOKMARK [1][-]{section.0.C}{Experimental methods}{}% 55
\BOOKMARK [2][-]{subsection.0.C.1}{What artificial landscapes did we use?}{section.0.C}% 56
\BOOKMARK [3][-]{subsubsection.0.C.1.1}{Gauss}{subsection.0.C.1}% 57
\BOOKMARK [3][-]{subsubsection.0.C.1.2}{Helix}{subsection.0.C.1}% 58
\BOOKMARK [3][-]{subsubsection.0.C.1.3}{Mean Estimation}{subsection.0.C.1}% 59
\BOOKMARK [2][-]{subsection.0.C.2}{What image-classification landscapes did we use?}{section.0.C}% 60
\BOOKMARK [3][-]{subsubsection.0.C.2.1}{Architectures}{subsection.0.C.2}% 61
\BOOKMARK [3][-]{subsubsection.0.C.2.2}{Datasets}{subsection.0.C.2}% 62
\BOOKMARK [2][-]{subsection.0.C.3}{Measurement process}{section.0.C}% 63
\BOOKMARK [3][-]{subsubsection.0.C.3.1}{Diagram evaluation on real landscapes}{subsection.0.C.3}% 64
\BOOKMARK [3][-]{subsubsection.0.C.3.2}{Descent simulations}{subsection.0.C.3}% 65
\BOOKMARK [2][-]{subsection.0.C.4}{Implementing optimizers}{section.0.C}% 66
\BOOKMARK [2][-]{subsection.0.C.5}{Software frameworks and hardware}{section.0.C}% 67
\BOOKMARK [2][-]{subsection.0.C.6}{Unbiased estimators of landscape statistics}{section.0.C}% 68
\BOOKMARK [2][-]{subsection.0.C.7}{Additional figures}{section.0.C}% 69
