\BOOKMARK [1][-]{section*.1}{Introduction}{}% 1
\BOOKMARK [1][-]{section*.2}{Paradigmatic example}{}% 2
\BOOKMARK [2][-]{section*.3}{Notation and assumptions, I}{section*.2}% 3
\BOOKMARK [2][-]{section*.5}{An entropic force with curl}{section*.2}% 4
\BOOKMARK [1][-]{section*.8}{Perturbative theory of SGD}{}% 5
\BOOKMARK [2][-]{section*.9}{Notation and assumptions, II}{section*.8}% 6
\BOOKMARK [2][-]{section*.12}{Diagrams overcome Taylor Series challenges}{section*.8}% 7
\BOOKMARK [2][-]{section*.16}{Main result}{section*.8}% 8
\BOOKMARK [1][-]{section*.19}{Consequences of the theory}{}% 9
\BOOKMARK [2][-]{section*.20}{Gradient noise repels SGD}{section*.19}% 10
\BOOKMARK [2][-]{section*.21}{Time discretization penalizes sloped regions}{section*.19}% 11
\BOOKMARK [2][-]{section*.22}{Jerk distinguishes SDE and SGD}{section*.19}% 12
\BOOKMARK [2][-]{section*.23}{SGD descends on a C-smoothed landscape \204 See \247.}{section*.19}% 13
\BOOKMARK [2][-]{section*.24}{Both flat and sharp minima overfit less}{section*.19}% 14
\BOOKMARK [2][-]{section*.26}{Experiments}{section*.19}% 15
\BOOKMARK [1][-]{section*.28}{Conclusion}{}% 16
\BOOKMARK [2][-]{section*.29}{Related work}{section*.28}% 17
\BOOKMARK [2][-]{section*.33}{Taylor series: method and challenges}{section*.28}% 18
\BOOKMARK [1][-]{section*.38}{Tutorial: how to use diagrams}{}% 19
\BOOKMARK [2][-]{section*.39}{Two example calculations}{section*.38}% 20
\BOOKMARK [2][-]{section*.44}{How to identify the relevant grid}{section*.38}% 21
\BOOKMARK [2][-]{section*.47}{How to identify the relevant diagram embeddings}{section*.38}% 22
\BOOKMARK [2][-]{section*.50}{How to evaluate each embedding}{section*.38}% 23
\BOOKMARK [2][-]{section*.54}{How to sum the embeddings' values}{section*.38}% 24
\BOOKMARK [2][-]{section*.55}{How to solve variant problems}{section*.38}% 25
\BOOKMARK [2][-]{section*.59}{Do diagrams streamline computation?}{section*.38}% 26
\BOOKMARK [1][-]{section*.62}{Mathematics of the theory}{}% 27
\BOOKMARK [2][-]{section*.63}{Assumptions and Definitions}{section*.62}% 28
\BOOKMARK [2][-]{section*.64}{A key lemma \340 la Dyson}{section*.62}% 29
\BOOKMARK [2][-]{section*.65}{From Dyson to diagrams}{section*.62}% 30
\BOOKMARK [2][-]{section*.66}{Proof of Theorem 1}{section*.62}% 31
\BOOKMARK [2][-]{section*.67}{Proof of Theorem 2}{section*.62}% 32
\BOOKMARK [2][-]{section*.68}{Proofs of corollaries}{section*.62}% 33
\BOOKMARK [2][-]{section*.75}{Future topics}{section*.62}% 34
\BOOKMARK [1][-]{section*.76}{Experimental methods}{}% 35
\BOOKMARK [2][-]{section*.77}{What artificial landscapes did we use?}{section*.76}% 36
\BOOKMARK [2][-]{section*.81}{What image-classification landscapes did we use?}{section*.76}% 37
\BOOKMARK [2][-]{section*.84}{Measurement process}{section*.76}% 38
\BOOKMARK [2][-]{section*.87}{Implementing optimizers}{section*.76}% 39
\BOOKMARK [2][-]{section*.88}{Software frameworks and hardware}{section*.76}% 40
\BOOKMARK [2][-]{section*.89}{Unbiased estimators of landscape statistics}{section*.76}% 41
\BOOKMARK [2][-]{section*.90}{Additional figures}{section*.76}% 42
\BOOKMARK [1][-]{section*.93}{Review of Tensors}{}% 43
\BOOKMARK [2][-]{section*.94}{Vectors versus covectors}{section*.93}% 44
\BOOKMARK [2][-]{section*.95}{What is a tensor?}{section*.93}% 45
\BOOKMARK [2][-]{section*.96}{Tensors of type ud}{section*.93}% 46
\BOOKMARK [2][-]{section*.97}{Contraction}{section*.93}% 47
