This is pdfTeX, Version 3.14159265-2.6-1.40.18 (TeX Live 2017/Debian) (preloaded format=pdflatex 2020.4.8)  31 MAY 2020 16:55
entering extended mode
 restricted \write18 enabled.
 %&-line parsing enabled.
**perturb-neurips.tex
(./perturb-neurips.tex
LaTeX2e <2017-04-15>
Babel <3.18> and hyphenation patterns for 3 language(s) loaded.
(/usr/share/texlive/texmf-dist/tex/latex/base/article.cls
Document Class: article 2014/09/29 v1.4h Standard LaTeX document class
(/usr/share/texlive/texmf-dist/tex/latex/base/size10.clo
File: size10.clo 2014/09/29 v1.4h Standard LaTeX file (size option)
)
\c@part=\count79
\c@section=\count80
\c@subsection=\count81
\c@subsubsection=\count82
\c@paragraph=\count83
\c@subparagraph=\count84
\c@figure=\count85
\c@table=\count86
\abovecaptionskip=\skip41
\belowcaptionskip=\skip42
\bibindent=\dimen102
)
(/usr/share/texlive/texmf-dist/tex/latex/base/inputenc.sty
Package: inputenc 2015/03/17 v1.2c Input encoding file
\inpenc@prehook=\toks14
\inpenc@posthook=\toks15

(/usr/share/texlive/texmf-dist/tex/latex/base/utf8.def
File: utf8.def 2017/01/28 v1.1t UTF-8 support for inputenc
Now handling font encoding OML ...
... no UTF-8 mapping file for font encoding OML
Now handling font encoding T1 ...
... processing UTF-8 mapping file for font encoding T1

(/usr/share/texlive/texmf-dist/tex/latex/base/t1enc.dfu
File: t1enc.dfu 2017/01/28 v1.1t UTF-8 support for inputenc
   defining Unicode char U+00A0 (decimal 160)
   defining Unicode char U+00A1 (decimal 161)
   defining Unicode char U+00A3 (decimal 163)
   defining Unicode char U+00AB (decimal 171)
   defining Unicode char U+00AD (decimal 173)
   defining Unicode char U+00BB (decimal 187)
   defining Unicode char U+00BF (decimal 191)
   defining Unicode char U+00C0 (decimal 192)
   defining Unicode char U+00C1 (decimal 193)
   defining Unicode char U+00C2 (decimal 194)
   defining Unicode char U+00C3 (decimal 195)
   defining Unicode char U+00C4 (decimal 196)
   defining Unicode char U+00C5 (decimal 197)
   defining Unicode char U+00C6 (decimal 198)
   defining Unicode char U+00C7 (decimal 199)
   defining Unicode char U+00C8 (decimal 200)
   defining Unicode char U+00C9 (decimal 201)
   defining Unicode char U+00CA (decimal 202)
   defining Unicode char U+00CB (decimal 203)
   defining Unicode char U+00CC (decimal 204)
   defining Unicode char U+00CD (decimal 205)
   defining Unicode char U+00CE (decimal 206)
   defining Unicode char U+00CF (decimal 207)
   defining Unicode char U+00D0 (decimal 208)
   defining Unicode char U+00D1 (decimal 209)
   defining Unicode char U+00D2 (decimal 210)
   defining Unicode char U+00D3 (decimal 211)
   defining Unicode char U+00D4 (decimal 212)
   defining Unicode char U+00D5 (decimal 213)
   defining Unicode char U+00D6 (decimal 214)
   defining Unicode char U+00D8 (decimal 216)
   defining Unicode char U+00D9 (decimal 217)
   defining Unicode char U+00DA (decimal 218)
   defining Unicode char U+00DB (decimal 219)
   defining Unicode char U+00DC (decimal 220)
   defining Unicode char U+00DD (decimal 221)
   defining Unicode char U+00DE (decimal 222)
   defining Unicode char U+00DF (decimal 223)
   defining Unicode char U+00E0 (decimal 224)
   defining Unicode char U+00E1 (decimal 225)
   defining Unicode char U+00E2 (decimal 226)
   defining Unicode char U+00E3 (decimal 227)
   defining Unicode char U+00E4 (decimal 228)
   defining Unicode char U+00E5 (decimal 229)
   defining Unicode char U+00E6 (decimal 230)
   defining Unicode char U+00E7 (decimal 231)
   defining Unicode char U+00E8 (decimal 232)
   defining Unicode char U+00E9 (decimal 233)
   defining Unicode char U+00EA (decimal 234)
   defining Unicode char U+00EB (decimal 235)
   defining Unicode char U+00EC (decimal 236)
   defining Unicode char U+00ED (decimal 237)
   defining Unicode char U+00EE (decimal 238)
   defining Unicode char U+00EF (decimal 239)
   defining Unicode char U+00F0 (decimal 240)
   defining Unicode char U+00F1 (decimal 241)
   defining Unicode char U+00F2 (decimal 242)
   defining Unicode char U+00F3 (decimal 243)
   defining Unicode char U+00F4 (decimal 244)
   defining Unicode char U+00F5 (decimal 245)
   defining Unicode char U+00F6 (decimal 246)
   defining Unicode char U+00F8 (decimal 248)
   defining Unicode char U+00F9 (decimal 249)
   defining Unicode char U+00FA (decimal 250)
   defining Unicode char U+00FB (decimal 251)
   defining Unicode char U+00FC (decimal 252)
   defining Unicode char U+00FD (decimal 253)
   defining Unicode char U+00FE (decimal 254)
   defining Unicode char U+00FF (decimal 255)
   defining Unicode char U+0100 (decimal 256)
   defining Unicode char U+0101 (decimal 257)
   defining Unicode char U+0102 (decimal 258)
   defining Unicode char U+0103 (decimal 259)
   defining Unicode char U+0104 (decimal 260)
   defining Unicode char U+0105 (decimal 261)
   defining Unicode char U+0106 (decimal 262)
   defining Unicode char U+0107 (decimal 263)
   defining Unicode char U+0108 (decimal 264)
   defining Unicode char U+0109 (decimal 265)
   defining Unicode char U+010A (decimal 266)
   defining Unicode char U+010B (decimal 267)
   defining Unicode char U+010C (decimal 268)
   defining Unicode char U+010D (decimal 269)
   defining Unicode char U+010E (decimal 270)
   defining Unicode char U+010F (decimal 271)
   defining Unicode char U+0110 (decimal 272)
   defining Unicode char U+0111 (decimal 273)
   defining Unicode char U+0112 (decimal 274)
   defining Unicode char U+0113 (decimal 275)
   defining Unicode char U+0114 (decimal 276)
   defining Unicode char U+0115 (decimal 277)
   defining Unicode char U+0116 (decimal 278)
   defining Unicode char U+0117 (decimal 279)
   defining Unicode char U+0118 (decimal 280)
   defining Unicode char U+0119 (decimal 281)
   defining Unicode char U+011A (decimal 282)
   defining Unicode char U+011B (decimal 283)
   defining Unicode char U+011C (decimal 284)
   defining Unicode char U+011D (decimal 285)
   defining Unicode char U+011E (decimal 286)
   defining Unicode char U+011F (decimal 287)
   defining Unicode char U+0120 (decimal 288)
   defining Unicode char U+0121 (decimal 289)
   defining Unicode char U+0122 (decimal 290)
   defining Unicode char U+0123 (decimal 291)
   defining Unicode char U+0124 (decimal 292)
   defining Unicode char U+0125 (decimal 293)
   defining Unicode char U+0128 (decimal 296)
   defining Unicode char U+0129 (decimal 297)
   defining Unicode char U+012A (decimal 298)
   defining Unicode char U+012B (decimal 299)
   defining Unicode char U+012C (decimal 300)
   defining Unicode char U+012D (decimal 301)
   defining Unicode char U+012E (decimal 302)
   defining Unicode char U+012F (decimal 303)
   defining Unicode char U+0130 (decimal 304)
   defining Unicode char U+0131 (decimal 305)
   defining Unicode char U+0132 (decimal 306)
   defining Unicode char U+0133 (decimal 307)
   defining Unicode char U+0134 (decimal 308)
   defining Unicode char U+0135 (decimal 309)
   defining Unicode char U+0136 (decimal 310)
   defining Unicode char U+0137 (decimal 311)
   defining Unicode char U+0139 (decimal 313)
   defining Unicode char U+013A (decimal 314)
   defining Unicode char U+013B (decimal 315)
   defining Unicode char U+013C (decimal 316)
   defining Unicode char U+013D (decimal 317)
   defining Unicode char U+013E (decimal 318)
   defining Unicode char U+0141 (decimal 321)
   defining Unicode char U+0142 (decimal 322)
   defining Unicode char U+0143 (decimal 323)
   defining Unicode char U+0144 (decimal 324)
   defining Unicode char U+0145 (decimal 325)
   defining Unicode char U+0146 (decimal 326)
   defining Unicode char U+0147 (decimal 327)
   defining Unicode char U+0148 (decimal 328)
   defining Unicode char U+014A (decimal 330)
   defining Unicode char U+014B (decimal 331)
   defining Unicode char U+014C (decimal 332)
   defining Unicode char U+014D (decimal 333)
   defining Unicode char U+014E (decimal 334)
   defining Unicode char U+014F (decimal 335)
   defining Unicode char U+0150 (decimal 336)
   defining Unicode char U+0151 (decimal 337)
   defining Unicode char U+0152 (decimal 338)
   defining Unicode char U+0153 (decimal 339)
   defining Unicode char U+0154 (decimal 340)
   defining Unicode char U+0155 (decimal 341)
   defining Unicode char U+0156 (decimal 342)
   defining Unicode char U+0157 (decimal 343)
   defining Unicode char U+0158 (decimal 344)
   defining Unicode char U+0159 (decimal 345)
   defining Unicode char U+015A (decimal 346)
   defining Unicode char U+015B (decimal 347)
   defining Unicode char U+015C (decimal 348)
   defining Unicode char U+015D (decimal 349)
   defining Unicode char U+015E (decimal 350)
   defining Unicode char U+015F (decimal 351)
   defining Unicode char U+0160 (decimal 352)
   defining Unicode char U+0161 (decimal 353)
   defining Unicode char U+0162 (decimal 354)
   defining Unicode char U+0163 (decimal 355)
   defining Unicode char U+0164 (decimal 356)
   defining Unicode char U+0165 (decimal 357)
   defining Unicode char U+0168 (decimal 360)
   defining Unicode char U+0169 (decimal 361)
   defining Unicode char U+016A (decimal 362)
   defining Unicode char U+016B (decimal 363)
   defining Unicode char U+016C (decimal 364)
   defining Unicode char U+016D (decimal 365)
   defining Unicode char U+016E (decimal 366)
   defining Unicode char U+016F (decimal 367)
   defining Unicode char U+0170 (decimal 368)
   defining Unicode char U+0171 (decimal 369)
   defining Unicode char U+0172 (decimal 370)
   defining Unicode char U+0173 (decimal 371)
   defining Unicode char U+0174 (decimal 372)
   defining Unicode char U+0175 (decimal 373)
   defining Unicode char U+0176 (decimal 374)
   defining Unicode char U+0177 (decimal 375)
   defining Unicode char U+0178 (decimal 376)
   defining Unicode char U+0179 (decimal 377)
   defining Unicode char U+017A (decimal 378)
   defining Unicode char U+017B (decimal 379)
   defining Unicode char U+017C (decimal 380)
   defining Unicode char U+017D (decimal 381)
   defining Unicode char U+017E (decimal 382)
   defining Unicode char U+01CD (decimal 461)
   defining Unicode char U+01CE (decimal 462)
   defining Unicode char U+01CF (decimal 463)
   defining Unicode char U+01D0 (decimal 464)
   defining Unicode char U+01D1 (decimal 465)
   defining Unicode char U+01D2 (decimal 466)
   defining Unicode char U+01D3 (decimal 467)
   defining Unicode char U+01D4 (decimal 468)
   defining Unicode char U+01E2 (decimal 482)
   defining Unicode char U+01E3 (decimal 483)
   defining Unicode char U+01E6 (decimal 486)
   defining Unicode char U+01E7 (decimal 487)
   defining Unicode char U+01E8 (decimal 488)
   defining Unicode char U+01E9 (decimal 489)
   defining Unicode char U+01EA (decimal 490)
   defining Unicode char U+01EB (decimal 491)
   defining Unicode char U+01F0 (decimal 496)
   defining Unicode char U+01F4 (decimal 500)
   defining Unicode char U+01F5 (decimal 501)
   defining Unicode char U+0218 (decimal 536)
   defining Unicode char U+0219 (decimal 537)
   defining Unicode char U+021A (decimal 538)
   defining Unicode char U+021B (decimal 539)
   defining Unicode char U+0232 (decimal 562)
   defining Unicode char U+0233 (decimal 563)
   defining Unicode char U+1E02 (decimal 7682)
   defining Unicode char U+1E03 (decimal 7683)
   defining Unicode char U+200C (decimal 8204)
   defining Unicode char U+2010 (decimal 8208)
   defining Unicode char U+2011 (decimal 8209)
   defining Unicode char U+2012 (decimal 8210)
   defining Unicode char U+2013 (decimal 8211)
   defining Unicode char U+2014 (decimal 8212)
   defining Unicode char U+2015 (decimal 8213)
   defining Unicode char U+2018 (decimal 8216)
   defining Unicode char U+2019 (decimal 8217)
   defining Unicode char U+201A (decimal 8218)
   defining Unicode char U+201C (decimal 8220)
   defining Unicode char U+201D (decimal 8221)
   defining Unicode char U+201E (decimal 8222)
   defining Unicode char U+2030 (decimal 8240)
   defining Unicode char U+2031 (decimal 8241)
   defining Unicode char U+2039 (decimal 8249)
   defining Unicode char U+203A (decimal 8250)
   defining Unicode char U+2423 (decimal 9251)
   defining Unicode char U+1E20 (decimal 7712)
   defining Unicode char U+1E21 (decimal 7713)
)
Now handling font encoding OT1 ...
... processing UTF-8 mapping file for font encoding OT1

(/usr/share/texlive/texmf-dist/tex/latex/base/ot1enc.dfu
File: ot1enc.dfu 2017/01/28 v1.1t UTF-8 support for inputenc
   defining Unicode char U+00A0 (decimal 160)
   defining Unicode char U+00A1 (decimal 161)
   defining Unicode char U+00A3 (decimal 163)
   defining Unicode char U+00AD (decimal 173)
   defining Unicode char U+00B8 (decimal 184)
   defining Unicode char U+00BF (decimal 191)
   defining Unicode char U+00C5 (decimal 197)
   defining Unicode char U+00C6 (decimal 198)
   defining Unicode char U+00D8 (decimal 216)
   defining Unicode char U+00DF (decimal 223)
   defining Unicode char U+00E6 (decimal 230)
   defining Unicode char U+00EC (decimal 236)
   defining Unicode char U+00ED (decimal 237)
   defining Unicode char U+00EE (decimal 238)
   defining Unicode char U+00EF (decimal 239)
   defining Unicode char U+00F8 (decimal 248)
   defining Unicode char U+0131 (decimal 305)
   defining Unicode char U+0141 (decimal 321)
   defining Unicode char U+0142 (decimal 322)
   defining Unicode char U+0152 (decimal 338)
   defining Unicode char U+0153 (decimal 339)
   defining Unicode char U+0174 (decimal 372)
   defining Unicode char U+0175 (decimal 373)
   defining Unicode char U+0176 (decimal 374)
   defining Unicode char U+0177 (decimal 375)
   defining Unicode char U+0218 (decimal 536)
   defining Unicode char U+0219 (decimal 537)
   defining Unicode char U+021A (decimal 538)
   defining Unicode char U+021B (decimal 539)
   defining Unicode char U+2013 (decimal 8211)
   defining Unicode char U+2014 (decimal 8212)
   defining Unicode char U+2018 (decimal 8216)
   defining Unicode char U+2019 (decimal 8217)
   defining Unicode char U+201C (decimal 8220)
   defining Unicode char U+201D (decimal 8221)
)
Now handling font encoding OMS ...
... processing UTF-8 mapping file for font encoding OMS

(/usr/share/texlive/texmf-dist/tex/latex/base/omsenc.dfu
File: omsenc.dfu 2017/01/28 v1.1t UTF-8 support for inputenc
   defining Unicode char U+00A7 (decimal 167)
   defining Unicode char U+00B6 (decimal 182)
   defining Unicode char U+00B7 (decimal 183)
   defining Unicode char U+2020 (decimal 8224)
   defining Unicode char U+2021 (decimal 8225)
   defining Unicode char U+2022 (decimal 8226)
)
Now handling font encoding OMX ...
... no UTF-8 mapping file for font encoding OMX
Now handling font encoding U ...
... no UTF-8 mapping file for font encoding U
   defining Unicode char U+00A9 (decimal 169)
   defining Unicode char U+00AA (decimal 170)
   defining Unicode char U+00AE (decimal 174)
   defining Unicode char U+00BA (decimal 186)
   defining Unicode char U+02C6 (decimal 710)
   defining Unicode char U+02DC (decimal 732)
   defining Unicode char U+200C (decimal 8204)
   defining Unicode char U+2026 (decimal 8230)
   defining Unicode char U+2122 (decimal 8482)
   defining Unicode char U+2423 (decimal 9251)
))
(/usr/share/texlive/texmf-dist/tex/latex/base/fontenc.sty
Package: fontenc 2017/04/05 v2.0i Standard LaTeX package

(/usr/share/texlive/texmf-dist/tex/latex/base/t1enc.def
File: t1enc.def 2017/04/05 v2.0i Standard LaTeX file
LaTeX Font Info:    Redeclaring font encoding T1 on input line 48.
))
(/usr/share/texlive/texmf-dist/tex/latex/microtype/microtype.sty
Package: microtype 2018/01/14 v2.7a Micro-typographical refinements (RS)

(/usr/share/texlive/texmf-dist/tex/latex/graphics/keyval.sty
Package: keyval 2014/10/28 v1.15 key=value parser (DPC)
\KV@toks@=\toks16
)
\MT@toks=\toks17
\MT@count=\count87
LaTeX Info: Redefining \textls on input line 793.
\MT@outer@kern=\dimen103
LaTeX Info: Redefining \textmicrotypecontext on input line 1339.
\MT@listname@count=\count88

(/usr/share/texlive/texmf-dist/tex/latex/microtype/microtype-pdftex.def
File: microtype-pdftex.def 2018/01/14 v2.7a Definitions specific to pdftex (RS)

LaTeX Info: Redefining \lsstyle on input line 913.
LaTeX Info: Redefining \lslig on input line 913.
\MT@outer@space=\skip43
)
Package microtype Info: Loading configuration file microtype.cfg.

(/usr/share/texlive/texmf-dist/tex/latex/microtype/microtype.cfg
File: microtype.cfg 2018/01/14 v2.7a microtype main configuration file (RS)
))
(./natbib.sty
Package: natbib 2009/07/16 8.31 (PWD, AO)
\bibhang=\skip44
\bibsep=\skip45
LaTeX Info: Redefining \cite on input line 694.
\c@NAT@ctr=\count89
) (/usr/share/texlive/texmf-dist/tex/latex/amsmath/amsmath.sty
Package: amsmath 2017/09/02 v2.17a AMS math features
\@mathmargin=\skip46

For additional information on amsmath, use the `?' option.
(/usr/share/texlive/texmf-dist/tex/latex/amsmath/amstext.sty
Package: amstext 2000/06/29 v2.01 AMS text

(/usr/share/texlive/texmf-dist/tex/latex/amsmath/amsgen.sty
File: amsgen.sty 1999/11/30 v2.0 generic functions
\@emptytoks=\toks18
\ex@=\dimen104
))
(/usr/share/texlive/texmf-dist/tex/latex/amsmath/amsbsy.sty
Package: amsbsy 1999/11/29 v1.2d Bold Symbols
\pmbraise@=\dimen105
)
(/usr/share/texlive/texmf-dist/tex/latex/amsmath/amsopn.sty
Package: amsopn 2016/03/08 v2.02 operator names
)
\inf@bad=\count90
LaTeX Info: Redefining \frac on input line 213.
\uproot@=\count91
\leftroot@=\count92
LaTeX Info: Redefining \overline on input line 375.
\classnum@=\count93
\DOTSCASE@=\count94
LaTeX Info: Redefining \ldots on input line 472.
LaTeX Info: Redefining \dots on input line 475.
LaTeX Info: Redefining \cdots on input line 596.
\Mathstrutbox@=\box26
\strutbox@=\box27
\big@size=\dimen106
LaTeX Font Info:    Redeclaring font encoding OML on input line 712.
LaTeX Font Info:    Redeclaring font encoding OMS on input line 713.
\macc@depth=\count95
\c@MaxMatrixCols=\count96
\dotsspace@=\muskip10
\c@parentequation=\count97
\dspbrk@lvl=\count98
\tag@help=\toks19
\row@=\count99
\column@=\count100
\maxfields@=\count101
\andhelp@=\toks20
\eqnshift@=\dimen107
\alignsep@=\dimen108
\tagshift@=\dimen109
\tagwidth@=\dimen110
\totwidth@=\dimen111
\lineht@=\dimen112
\@envbody=\toks21
\multlinegap=\skip47
\multlinetaggap=\skip48
\mathdisplay@stack=\toks22
LaTeX Info: Redefining \[ on input line 2817.
LaTeX Info: Redefining \] on input line 2818.
)
(/usr/share/texlive/texmf-dist/tex/latex/amsfonts/amssymb.sty
Package: amssymb 2013/01/14 v3.01 AMS font symbols

(/usr/share/texlive/texmf-dist/tex/latex/amsfonts/amsfonts.sty
Package: amsfonts 2013/01/14 v3.01 Basic AMSFonts support
\symAMSa=\mathgroup4
\symAMSb=\mathgroup5
LaTeX Font Info:    Overwriting math alphabet `\mathfrak' in version `bold'
(Font)                  U/euf/m/n --> U/euf/b/n on input line 106.
))
(/usr/share/texlive/texmf-dist/tex/latex/amscls/amsthm.sty
Package: amsthm 2017/10/31 v2.20.4
\thm@style=\toks23
\thm@bodyfont=\toks24
\thm@headfont=\toks25
\thm@notefont=\toks26
\thm@headpunct=\toks27
\thm@preskip=\skip49
\thm@postskip=\skip50
\thm@headsep=\skip51
\dth@everypar=\toks28
)
(/usr/share/texlive/texmf-dist/tex/latex/mathtools/mathtools.sty
Package: mathtools 2018/01/08 v1.21 mathematical typesetting tools

(/usr/share/texlive/texmf-dist/tex/latex/tools/calc.sty
Package: calc 2014/10/28 v4.3 Infix arithmetic (KKT,FJ)
\calc@Acount=\count102
\calc@Bcount=\count103
\calc@Adimen=\dimen113
\calc@Bdimen=\dimen114
\calc@Askip=\skip52
\calc@Bskip=\skip53
LaTeX Info: Redefining \setlength on input line 80.
LaTeX Info: Redefining \addtolength on input line 81.
\calc@Ccount=\count104
\calc@Cskip=\skip54
)
(/usr/share/texlive/texmf-dist/tex/latex/mathtools/mhsetup.sty
Package: mhsetup 2017/03/31 v1.3 programming setup (MH)
)
LaTeX Info: Thecontrolsequence`\('isalreadyrobust on input line 129.
LaTeX Info: Thecontrolsequence`\)'isalreadyrobust on input line 129.
LaTeX Info: Thecontrolsequence`\['isalreadyrobust on input line 129.
LaTeX Info: Thecontrolsequence`\]'isalreadyrobust on input line 129.
\g_MT_multlinerow_int=\count105
\l_MT_multwidth_dim=\dimen115
\origjot=\skip55
\l_MT_shortvdotswithinadjustabove_dim=\dimen116
\l_MT_shortvdotswithinadjustbelow_dim=\dimen117
\l_MT_above_intertext_sep=\dimen118
\l_MT_below_intertext_sep=\dimen119
\l_MT_above_shortintertext_sep=\dimen120
\l_MT_below_shortintertext_sep=\dimen121
)
(/usr/share/texlive/texmf-dist/tex/latex/units/nicefrac.sty
Package: nicefrac 1998/08/04 v0.9b Nice fractions
\L@UnitsRaiseDisplaystyle=\skip56
\L@UnitsRaiseTextstyle=\skip57
\L@UnitsRaiseScriptstyle=\skip58

(/usr/share/texlive/texmf-dist/tex/latex/base/ifthen.sty
Package: ifthen 2014/09/29 v1.1c Standard LaTeX ifthen package (DPC)
))
(/usr/share/texlive/texmf-dist/tex/latex/booktabs/booktabs.sty
Package: booktabs 2016/04/27 v1.618033 publication quality tables
\heavyrulewidth=\dimen122
\lightrulewidth=\dimen123
\cmidrulewidth=\dimen124
\belowrulesep=\dimen125
\belowbottomsep=\dimen126
\aboverulesep=\dimen127
\abovetopsep=\dimen128
\cmidrulesep=\dimen129
\cmidrulekern=\dimen130
\defaultaddspace=\dimen131
\@cmidla=\count106
\@cmidlb=\count107
\@aboverulesep=\dimen132
\@belowrulesep=\dimen133
\@thisruleclass=\count108
\@lastruleclass=\count109
\@thisrulewidth=\dimen134
)
(/usr/share/texlive/texmf-dist/tex/latex/tools/array.sty
Package: array 2016/10/06 v2.4d Tabular extension package (FMi)
\col@sep=\dimen135
\extrarowheight=\dimen136
\NC@list=\toks29
\extratabsurround=\skip59
\backup@length=\skip60
)
(/usr/share/texlive/texmf-dist/tex/latex/graphics/graphicx.sty
Package: graphicx 2017/06/01 v1.1a Enhanced LaTeX Graphics (DPC,SPQR)

(/usr/share/texlive/texmf-dist/tex/latex/graphics/graphics.sty
Package: graphics 2017/06/25 v1.2c Standard LaTeX Graphics (DPC,SPQR)

(/usr/share/texlive/texmf-dist/tex/latex/graphics/trig.sty
Package: trig 2016/01/03 v1.10 sin cos tan (DPC)
)
(/usr/share/texlive/texmf-dist/tex/latex/graphics-cfg/graphics.cfg
File: graphics.cfg 2016/06/04 v1.11 sample graphics configuration
)
Package graphics Info: Driver file: pdftex.def on input line 99.

(/usr/share/texlive/texmf-dist/tex/latex/graphics-def/pdftex.def
File: pdftex.def 2018/01/08 v1.0l Graphics/color driver for pdftex
))
\Gin@req@height=\dimen137
\Gin@req@width=\dimen138
)
(/usr/share/texlive/texmf-dist/tex/latex/float/float.sty
Package: float 2001/11/08 v1.3d Float enhancements (AL)
\c@float@type=\count110
\float@exts=\toks30
\float@box=\box28
\@float@everytoks=\toks31
\@floatcapt=\box29
)
(/usr/share/texlive/texmf-dist/tex/latex/subfigure/subfigure.sty
Package: subfigure 2002/03/15 v2.1.5 subfigure package
\subfigtopskip=\skip61
\subfigcapskip=\skip62
\subfigcaptopadj=\dimen139
\subfigbottomskip=\skip63
\subfigcapmargin=\dimen140
\subfiglabelskip=\skip64
\c@subfigure=\count111
\c@lofdepth=\count112
\c@subtable=\count113
\c@lotdepth=\count114

****************************************
* Local config file subfigure.cfg used *
****************************************
(/usr/share/texlive/texmf-dist/tex/latex/subfigure/subfigure.cfg)
\subfig@top=\skip65
\subfig@bottom=\skip66
)
(/usr/share/texlive/texmf-dist/tex/latex/hanging/hanging.sty
Package: hanging 2009/09/02 v1.2b hanging paragraphs and punctuation
\h@ngcommawd=\skip67
\h@ngfstopwd=\skip68
\h@ngquotewd=\skip69
\h@ngdquotewd=\skip70
\h@ngquerywd=\skip71
\h@ngexclwd=\skip72
\h@ngcolonwd=\skip73
\h@ngscolonwd=\skip74
)
(/usr/share/texlive/texmf-dist/tex/latex/txfonts/txfonts.sty
Package: txfonts 2008/01/22 v3.2.1
LaTeX Font Info:    Redeclaring symbol font `operators' on input line 21.
LaTeX Font Info:    Overwriting symbol font `operators' in version `normal'
(Font)                  OT1/cmr/m/n --> OT1/txr/m/n on input line 21.
LaTeX Font Info:    Overwriting symbol font `operators' in version `bold'
(Font)                  OT1/cmr/bx/n --> OT1/txr/m/n on input line 21.
LaTeX Font Info:    Overwriting symbol font `operators' in version `bold'
(Font)                  OT1/txr/m/n --> OT1/txr/bx/n on input line 22.
\symitalic=\mathgroup6
LaTeX Font Info:    Overwriting symbol font `italic' in version `bold'
(Font)                  OT1/txr/m/it --> OT1/txr/bx/it on input line 26.
LaTeX Font Info:    Redeclaring math alphabet \mathbf on input line 29.
LaTeX Font Info:    Overwriting math alphabet `\mathbf' in version `normal'
(Font)                  OT1/cmr/bx/n --> OT1/txr/bx/n on input line 29.
LaTeX Font Info:    Overwriting math alphabet `\mathbf' in version `bold'
(Font)                  OT1/cmr/bx/n --> OT1/txr/bx/n on input line 29.
LaTeX Font Info:    Redeclaring math alphabet \mathit on input line 30.
LaTeX Font Info:    Overwriting math alphabet `\mathit' in version `normal'
(Font)                  OT1/cmr/m/it --> OT1/txr/m/it on input line 30.
LaTeX Font Info:    Overwriting math alphabet `\mathit' in version `bold'
(Font)                  OT1/cmr/bx/it --> OT1/txr/m/it on input line 30.
LaTeX Font Info:    Overwriting math alphabet `\mathit' in version `bold'
(Font)                  OT1/txr/m/it --> OT1/txr/bx/it on input line 31.
LaTeX Font Info:    Redeclaring math alphabet \mathsf on input line 40.
LaTeX Font Info:    Overwriting math alphabet `\mathsf' in version `normal'
(Font)                  OT1/cmss/m/n --> OT1/txss/m/n on input line 40.
LaTeX Font Info:    Overwriting math alphabet `\mathsf' in version `bold'
(Font)                  OT1/cmss/bx/n --> OT1/txss/m/n on input line 40.
LaTeX Font Info:    Overwriting math alphabet `\mathsf' in version `bold'
(Font)                  OT1/txss/m/n --> OT1/txss/b/n on input line 41.
LaTeX Font Info:    Redeclaring math alphabet \mathtt on input line 50.
LaTeX Font Info:    Overwriting math alphabet `\mathtt' in version `normal'
(Font)                  OT1/cmtt/m/n --> OT1/txtt/m/n on input line 50.
LaTeX Font Info:    Overwriting math alphabet `\mathtt' in version `bold'
(Font)                  OT1/cmtt/m/n --> OT1/txtt/m/n on input line 50.
LaTeX Font Info:    Overwriting math alphabet `\mathtt' in version `bold'
(Font)                  OT1/txtt/m/n --> OT1/txtt/b/n on input line 51.
LaTeX Font Info:    Redeclaring symbol font `letters' on input line 58.
LaTeX Font Info:    Overwriting symbol font `letters' in version `normal'
(Font)                  OML/cmm/m/it --> OML/txmi/m/it on input line 58.
LaTeX Font Info:    Overwriting symbol font `letters' in version `bold'
(Font)                  OML/cmm/b/it --> OML/txmi/m/it on input line 58.
LaTeX Font Info:    Overwriting symbol font `letters' in version `bold'
(Font)                  OML/txmi/m/it --> OML/txmi/bx/it on input line 59.
\symlettersA=\mathgroup7
LaTeX Font Info:    Overwriting symbol font `lettersA' in version `bold'
(Font)                  U/txmia/m/it --> U/txmia/bx/it on input line 67.
LaTeX Font Info:    Redeclaring math alphabet \mathfrak on input line 70.
LaTeX Font Info:    Redeclaring symbol font `symbols' on input line 77.
LaTeX Font Info:    Overwriting symbol font `symbols' in version `normal'
(Font)                  OMS/cmsy/m/n --> OMS/txsy/m/n on input line 77.
LaTeX Font Info:    Overwriting symbol font `symbols' in version `bold'
(Font)                  OMS/cmsy/b/n --> OMS/txsy/m/n on input line 77.
LaTeX Font Info:    Overwriting symbol font `symbols' in version `bold'
(Font)                  OMS/txsy/m/n --> OMS/txsy/bx/n on input line 78.
LaTeX Font Info:    Redeclaring symbol font `AMSa' on input line 93.
LaTeX Font Info:    Overwriting symbol font `AMSa' in version `normal'
(Font)                  U/msa/m/n --> U/txsya/m/n on input line 93.
LaTeX Font Info:    Overwriting symbol font `AMSa' in version `bold'
(Font)                  U/msa/m/n --> U/txsya/m/n on input line 93.
LaTeX Font Info:    Overwriting symbol font `AMSa' in version `bold'
(Font)                  U/txsya/m/n --> U/txsya/bx/n on input line 94.
LaTeX Font Info:    Redeclaring symbol font `AMSb' on input line 102.
LaTeX Font Info:    Overwriting symbol font `AMSb' in version `normal'
(Font)                  U/msb/m/n --> U/txsyb/m/n on input line 102.
LaTeX Font Info:    Overwriting symbol font `AMSb' in version `bold'
(Font)                  U/msb/m/n --> U/txsyb/m/n on input line 102.
LaTeX Font Info:    Overwriting symbol font `AMSb' in version `bold'
(Font)                  U/txsyb/m/n --> U/txsyb/bx/n on input line 103.
\symsymbolsC=\mathgroup8
LaTeX Font Info:    Overwriting symbol font `symbolsC' in version `bold'
(Font)                  U/txsyc/m/n --> U/txsyc/bx/n on input line 113.
LaTeX Font Info:    Redeclaring symbol font `largesymbols' on input line 120.
LaTeX Font Info:    Overwriting symbol font `largesymbols' in version `normal'
(Font)                  OMX/cmex/m/n --> OMX/txex/m/n on input line 120.
LaTeX Font Info:    Overwriting symbol font `largesymbols' in version `bold'
(Font)                  OMX/cmex/m/n --> OMX/txex/m/n on input line 120.
LaTeX Font Info:    Overwriting symbol font `largesymbols' in version `bold'
(Font)                  OMX/txex/m/n --> OMX/txex/bx/n on input line 121.
\symlargesymbolsA=\mathgroup9
LaTeX Font Info:    Overwriting symbol font `largesymbolsA' in version `bold'
(Font)                  U/txexa/m/n --> U/txexa/bx/n on input line 129.
LaTeX Info: Redefining \not on input line 1043.
LaTeX Info: Redefining \textsquare on input line 1063.
LaTeX Info: Redefining \openbox on input line 1064.
)
(/usr/share/texlive/texmf-dist/tex/latex/xcolor/xcolor.sty
Package: xcolor 2016/05/11 v2.12 LaTeX color extensions (UK)

(/usr/share/texlive/texmf-dist/tex/latex/graphics-cfg/color.cfg
File: color.cfg 2016/01/02 v1.6 sample color configuration
)
Package xcolor Info: Driver file: pdftex.def on input line 225.
Package xcolor Info: Model `cmy' substituted by `cmy0' on input line 1348.
Package xcolor Info: Model `hsb' substituted by `rgb' on input line 1352.
Package xcolor Info: Model `RGB' extended on input line 1364.
Package xcolor Info: Model `HTML' substituted by `rgb' on input line 1366.
Package xcolor Info: Model `Hsb' substituted by `hsb' on input line 1367.
Package xcolor Info: Model `tHsb' substituted by `hsb' on input line 1368.
Package xcolor Info: Model `HSB' substituted by `hsb' on input line 1369.
Package xcolor Info: Model `Gray' substituted by `gray' on input line 1370.
Package xcolor Info: Model `wave' substituted by `hsb' on input line 1371.
)
(/usr/share/texlive/texmf-dist/tex/latex/framed/framed.sty
Package: framed 2011/10/22 v 0.96: framed or shaded text with page breaks
\OuterFrameSep=\skip75
\fb@frw=\dimen141
\fb@frh=\dimen142
\FrameRule=\dimen143
\FrameSep=\dimen144
)
(/usr/share/texlive/texmf-dist/tex/latex/footmisc/footmisc.sty
Package: footmisc 2011/06/06 v5.5b a miscellany of footnote facilities
\FN@temptoken=\toks32
\footnotemargin=\dimen145
\c@pp@next@reset=\count115
\c@@fnserial=\count116
Package footmisc Info: Declaring symbol style bringhurst on input line 855.
Package footmisc Info: Declaring symbol style chicago on input line 863.
Package footmisc Info: Declaring symbol style wiley on input line 872.
Package footmisc Info: Declaring symbol style lamport-robust on input line 883.

Package footmisc Info: Declaring symbol style lamport* on input line 903.
Package footmisc Info: Declaring symbol style lamport*-robust on input line 924
.
)
(/usr/share/texlive/texmf-dist/tex/latex/hyperref/hyperref.sty
Package: hyperref 2018/02/06 v6.86b Hypertext links for LaTeX

(/usr/share/texlive/texmf-dist/tex/generic/oberdiek/hobsub-hyperref.sty
Package: hobsub-hyperref 2016/05/16 v1.14 Bundle oberdiek, subset hyperref (HO)


(/usr/share/texlive/texmf-dist/tex/generic/oberdiek/hobsub-generic.sty
Package: hobsub-generic 2016/05/16 v1.14 Bundle oberdiek, subset generic (HO)
Package: hobsub 2016/05/16 v1.14 Construct package bundles (HO)
Package: infwarerr 2016/05/16 v1.4 Providing info/warning/error messages (HO)
Package: ltxcmds 2016/05/16 v1.23 LaTeX kernel commands for general use (HO)
Package: ifluatex 2016/05/16 v1.4 Provides the ifluatex switch (HO)
Package ifluatex Info: LuaTeX not detected.
Package: ifvtex 2016/05/16 v1.6 Detect VTeX and its facilities (HO)
Package ifvtex Info: VTeX not detected.
Package: intcalc 2016/05/16 v1.2 Expandable calculations with integers (HO)
Package: ifpdf 2017/03/15 v3.2 Provides the ifpdf switch
Package: etexcmds 2016/05/16 v1.6 Avoid name clashes with e-TeX commands (HO)
Package etexcmds Info: Could not find \expanded.
(etexcmds)             That can mean that you are not using pdfTeX 1.50 or
(etexcmds)             that some package has redefined \expanded.
(etexcmds)             In the latter case, load this package earlier.
Package: kvsetkeys 2016/05/16 v1.17 Key value parser (HO)
Package: kvdefinekeys 2016/05/16 v1.4 Define keys (HO)
Package: pdftexcmds 2018/01/21 v0.26 Utility functions of pdfTeX for LuaTeX (HO
)
Package pdftexcmds Info: LuaTeX not detected.
Package pdftexcmds Info: \pdf@primitive is available.
Package pdftexcmds Info: \pdf@ifprimitive is available.
Package pdftexcmds Info: \pdfdraftmode found.
Package: pdfescape 2016/05/16 v1.14 Implements pdfTeX's escape features (HO)
Package: bigintcalc 2016/05/16 v1.4 Expandable calculations on big integers (HO
)
Package: bitset 2016/05/16 v1.2 Handle bit-vector datatype (HO)
Package: uniquecounter 2016/05/16 v1.3 Provide unlimited unique counter (HO)
)
Package hobsub Info: Skipping package `hobsub' (already loaded).
Package: letltxmacro 2016/05/16 v1.5 Let assignment for LaTeX macros (HO)
Package: hopatch 2016/05/16 v1.3 Wrapper for package hooks (HO)
Package: xcolor-patch 2016/05/16 xcolor patch
Package: atveryend 2016/05/16 v1.9 Hooks at the very end of document (HO)
Package atveryend Info: \enddocument detected (standard20110627).
Package: atbegshi 2016/06/09 v1.18 At begin shipout hook (HO)
Package: refcount 2016/05/16 v3.5 Data extraction from label references (HO)
Package: hycolor 2016/05/16 v1.8 Color options for hyperref/bookmark (HO)
)
(/usr/share/texlive/texmf-dist/tex/generic/ifxetex/ifxetex.sty
Package: ifxetex 2010/09/12 v0.6 Provides ifxetex conditional
)
(/usr/share/texlive/texmf-dist/tex/latex/oberdiek/auxhook.sty
Package: auxhook 2016/05/16 v1.4 Hooks for auxiliary files (HO)
)
(/usr/share/texlive/texmf-dist/tex/latex/oberdiek/kvoptions.sty
Package: kvoptions 2016/05/16 v3.12 Key value format for package options (HO)
)
\@linkdim=\dimen146
\Hy@linkcounter=\count117
\Hy@pagecounter=\count118

(/usr/share/texlive/texmf-dist/tex/latex/hyperref/pd1enc.def
File: pd1enc.def 2018/02/06 v6.86b Hyperref: PDFDocEncoding definition (HO)
Now handling font encoding PD1 ...
... no UTF-8 mapping file for font encoding PD1
)
\Hy@SavedSpaceFactor=\count119

(/usr/share/texlive/texmf-dist/tex/latex/latexconfig/hyperref.cfg
File: hyperref.cfg 2002/06/06 v1.2 hyperref configuration of TeXLive
)
Package hyperref Info: Hyper figures OFF on input line 4509.
Package hyperref Info: Link nesting OFF on input line 4514.
Package hyperref Info: Hyper index ON on input line 4517.
Package hyperref Info: Plain pages OFF on input line 4524.
Package hyperref Info: Backreferencing OFF on input line 4529.
Package hyperref Info: Implicit mode ON; LaTeX internals redefined.
Package hyperref Info: Bookmarks ON on input line 4762.
\c@Hy@tempcnt=\count120

(/usr/share/texlive/texmf-dist/tex/latex/url/url.sty
\Urlmuskip=\muskip11
Package: url 2013/09/16  ver 3.4  Verb mode for urls, etc.
)
LaTeX Info: Redefining \url on input line 5115.
\XeTeXLinkMargin=\dimen147
\Fld@menulength=\count121
\Field@Width=\dimen148
\Fld@charsize=\dimen149
Package hyperref Info: Hyper figures OFF on input line 6369.
Package hyperref Info: Link nesting OFF on input line 6374.
Package hyperref Info: Hyper index ON on input line 6377.
Package hyperref Info: backreferencing OFF on input line 6384.
Package hyperref Info: Link coloring OFF on input line 6389.
Package hyperref Info: Link coloring with OCG OFF on input line 6394.
Package hyperref Info: PDF/A mode OFF on input line 6399.
LaTeX Info: Redefining \ref on input line 6439.
LaTeX Info: Redefining \pageref on input line 6443.
\Hy@abspage=\count122
\c@Item=\count123
\c@Hfootnote=\count124
)
Package hyperref Info: Driver (autodetected): hpdftex.

(/usr/share/texlive/texmf-dist/tex/latex/hyperref/hpdftex.def
File: hpdftex.def 2018/02/06 v6.86b Hyperref driver for pdfTeX
\Fld@listcount=\count125
\c@bookmark@seq@number=\count126

(/usr/share/texlive/texmf-dist/tex/latex/oberdiek/rerunfilecheck.sty
Package: rerunfilecheck 2016/05/16 v1.8 Rerun checks for auxiliary files (HO)
Package uniquecounter Info: New unique counter `rerunfilecheck' on input line 2
82.
)
\Hy@SectionHShift=\skip76
)
\c@thm=\count127
\c@cor=\count128
\c@prop=\count129
\c@conj=\count130
\c@quest=\count131
\c@defn=\count132
\c@rmk=\count133
\c@exm=\count134

(./perturb-neurips.aux)
\openout1 = `perturb-neurips.aux'.

LaTeX Font Info:    Checking defaults for OML/txmi/m/it on input line 197.
LaTeX Font Info:    Try loading font information for OML+txmi on input line 197
.

(/usr/share/texlive/texmf-dist/tex/latex/txfonts/omltxmi.fd
File: omltxmi.fd 2000/12/15 v3.1
)
LaTeX Font Info:    ... okay on input line 197.
LaTeX Font Info:    Checking defaults for T1/cmr/m/n on input line 197.
LaTeX Font Info:    ... okay on input line 197.
LaTeX Font Info:    Checking defaults for OT1/cmr/m/n on input line 197.
LaTeX Font Info:    ... okay on input line 197.
LaTeX Font Info:    Checking defaults for OMS/txsy/m/n on input line 197.
LaTeX Font Info:    Try loading font information for OMS+txsy on input line 197
.

(/usr/share/texlive/texmf-dist/tex/latex/txfonts/omstxsy.fd
File: omstxsy.fd 2000/12/15 v3.1
)
LaTeX Font Info:    ... okay on input line 197.
LaTeX Font Info:    Checking defaults for OMX/txex/m/n on input line 197.
LaTeX Font Info:    Try loading font information for OMX+txex on input line 197
.

(/usr/share/texlive/texmf-dist/tex/latex/txfonts/omxtxex.fd
File: omxtxex.fd 2000/12/15 v3.1
)
LaTeX Font Info:    ... okay on input line 197.
LaTeX Font Info:    Checking defaults for U/txexa/m/n on input line 197.
LaTeX Font Info:    Try loading font information for U+txexa on input line 197.


(/usr/share/texlive/texmf-dist/tex/latex/txfonts/utxexa.fd
File: utxexa.fd 2000/12/15 v3.1
)
LaTeX Font Info:    ... okay on input line 197.
LaTeX Font Info:    Checking defaults for PD1/pdf/m/n on input line 197.
LaTeX Font Info:    ... okay on input line 197.
LaTeX Font Info:    Try loading font information for T1+txr on input line 197.

(/usr/share/texlive/texmf-dist/tex/latex/txfonts/t1txr.fd
File: t1txr.fd 2000/12/15 v3.1
)
LaTeX Info: Redefining \microtypecontext on input line 197.
Package microtype Info: Generating PDF output.
Package microtype Info: Character protrusion enabled (level 2).
Package microtype Info: Using default protrusion set `alltext'.
Package microtype Info: Automatic font expansion enabled (level 2),
(microtype)             stretch: 20, shrink: 20, step: 1, non-selected.
Package microtype Info: Using default expansion set `basictext'.
Package microtype Info: No adjustment of tracking.
Package microtype Info: No adjustment of interword spacing.
Package microtype Info: No adjustment of character kerning.

(/usr/share/texlive/texmf-dist/tex/latex/microtype/mt-ptm.cfg
File: mt-ptm.cfg 2006/04/20 v1.7 microtype config. file: Times (RS)
)
(/usr/share/texlive/texmf-dist/tex/context/base/mkii/supp-pdf.mkii
[Loading MPS to PDF converter (version 2006.09.02).]
\scratchcounter=\count135
\scratchdimen=\dimen150
\scratchbox=\box30
\nofMPsegments=\count136
\nofMParguments=\count137
\everyMPshowfont=\toks33
\MPscratchCnt=\count138
\MPscratchDim=\dimen151
\MPnumerator=\count139
\makeMPintoPDFobject=\count140
\everyMPtoPDFconversion=\toks34
) (/usr/share/texlive/texmf-dist/tex/latex/oberdiek/epstopdf-base.sty
Package: epstopdf-base 2016/05/15 v2.6 Base part for package epstopdf

(/usr/share/texlive/texmf-dist/tex/latex/oberdiek/grfext.sty
Package: grfext 2016/05/16 v1.2 Manage graphics extensions (HO)
)
Package epstopdf-base Info: Redefining graphics rule for `.eps' on input line 4
38.
Package grfext Info: Graphics extension search list:
(grfext)             [.pdf,.png,.jpg,.mps,.jpeg,.jbig2,.jb2,.PDF,.PNG,.JPG,.JPE
G,.JBIG2,.JB2,.eps]
(grfext)             \AppendGraphicsExtensions on input line 456.

(/usr/share/texlive/texmf-dist/tex/latex/latexconfig/epstopdf-sys.cfg
File: epstopdf-sys.cfg 2010/07/13 v1.3 Configuration of (r)epstopdf for TeX Liv
e
))
\AtBeginShipoutBox=\box31
Package hyperref Info: Link coloring OFF on input line 197.

(/usr/share/texlive/texmf-dist/tex/latex/hyperref/nameref.sty
Package: nameref 2016/05/21 v2.44 Cross-referencing by name of section

(/usr/share/texlive/texmf-dist/tex/generic/oberdiek/gettitlestring.sty
Package: gettitlestring 2016/05/16 v1.5 Cleanup title references (HO)
)
\c@section@level=\count141
)
LaTeX Info: Redefining \ref on input line 197.
LaTeX Info: Redefining \pageref on input line 197.
LaTeX Info: Redefining \nameref on input line 197.

(./perturb-neurips.out) (./perturb-neurips.out)
\@outlinefile=\write3
\openout3 = `perturb-neurips.out'.

LaTeX Font Info:    Try loading font information for OT1+txr on input line 200.


(/usr/share/texlive/texmf-dist/tex/latex/txfonts/ot1txr.fd
File: ot1txr.fd 2000/12/15 v3.1
)
LaTeX Font Info:    Try loading font information for U+txsya on input line 200.


(/usr/share/texlive/texmf-dist/tex/latex/txfonts/utxsya.fd
File: utxsya.fd 2000/12/15 v3.1
)
LaTeX Font Info:    Try loading font information for U+txsyb on input line 200.


(/usr/share/texlive/texmf-dist/tex/latex/txfonts/utxsyb.fd
File: utxsyb.fd 2000/12/15 v3.1
)
LaTeX Font Info:    Try loading font information for U+txmia on input line 200.


(/usr/share/texlive/texmf-dist/tex/latex/txfonts/utxmia.fd
File: utxmia.fd 2000/12/15 v3.1
)
LaTeX Font Info:    Try loading font information for U+txsyc on input line 200.


(/usr/share/texlive/texmf-dist/tex/latex/txfonts/utxsyc.fd
File: utxsyc.fd 2000/12/15 v3.1
)
LaTeX Font Info:    Try loading font information for T1+txtt on input line 200.


(/usr/share/texlive/texmf-dist/tex/latex/txfonts/t1txtt.fd
File: t1txtt.fd 2000/12/15 v3.1
)
Package microtype Info: Loading generic protrusion settings for font family
(microtype)             `txtt' (encoding: T1).
(microtype)             For optimal results, create family-specific settings.
(microtype)             See the microtype manual for details.


Package natbib Warning: Citation `fe49' on page 1 undefined on input line 266.


Package natbib Warning: Citation `pe71' on page 1 undefined on input line 266.

<../diagrams/MOO(0)(0).png, id=106, 80.3pt x 80.3pt>
File: ../diagrams/MOO(0)(0).png Graphic file (type png)
<use ../diagrams/MOO(0)(0).png>
Package pdftex.def Info: ../diagrams/MOO(0)(0).png  used on input line 293.
(pdftex.def)             Requested size: 14.45337pt x 14.45337pt.
<../diagrams/MOO(0)(0-0).png, id=108, 80.3pt x 80.3pt>
File: ../diagrams/MOO(0)(0-0).png Graphic file (type png)
<use ../diagrams/MOO(0)(0-0).png>
Package pdftex.def Info: ../diagrams/MOO(0)(0-0).png  used on input line 293.
(pdftex.def)             Requested size: 14.45337pt x 14.45337pt.
<../diagrams/MOOc(01)(0-1).png, id=109, 160.6pt x 120.45pt>
File: ../diagrams/MOOc(01)(0-1).png Graphic file (type png)
<use ../diagrams/MOOc(01)(0-1).png>
Package pdftex.def Info: ../diagrams/MOOc(01)(0-1).png  used on input line 293.

(pdftex.def)             Requested size: 28.90674pt x 21.68005pt.
<../diagrams/MOO(0)(0-0-0).png, id=110, 80.3pt x 80.3pt>
File: ../diagrams/MOO(0)(0-0-0).png Graphic file (type png)
<use ../diagrams/MOO(0)(0-0-0).png>
Package pdftex.def Info: ../diagrams/MOO(0)(0-0-0).png  used on input line 293.

(pdftex.def)             Requested size: 14.45337pt x 14.45337pt.
<../diagrams/MOOc(012)(0-1-2).png, id=111, 240.9pt x 160.6pt>
File: ../diagrams/MOOc(012)(0-1-2).png Graphic file (type png)
<use ../diagrams/MOOc(012)(0-1-2).png>
Package pdftex.def Info: ../diagrams/MOOc(012)(0-1-2).png  used on input line 2
93.
(pdftex.def)             Requested size: 43.36012pt x 28.90674pt.
[1

{/var/lib/texmf/fonts/map/pdftex/updmap/pdftex.map}]
File: ../diagrams/MOO(0)(0).png Graphic file (type png)
<use ../diagrams/MOO(0)(0).png>
Package pdftex.def Info: ../diagrams/MOO(0)(0).png  used on input line 314.
(pdftex.def)             Requested size: 8.03046pt x 8.03046pt.
File: ../diagrams/MOO(0)(0-0).png Graphic file (type png)
<use ../diagrams/MOO(0)(0-0).png>
Package pdftex.def Info: ../diagrams/MOO(0)(0-0).png  used on input line 318.
(pdftex.def)             Requested size: 8.03046pt x 8.03046pt.
<../diagrams/(0-1-2)(01-12).png, id=125, 220.825pt x 120.45pt>
File: ../diagrams/(0-1-2)(01-12).png Graphic file (type png)
<use ../diagrams/(0-1-2)(01-12).png>
Package pdftex.def Info: ../diagrams/(0-1-2)(01-12).png  used on input line 322
.
(pdftex.def)             Requested size: 22.08379pt x 12.0457pt.
File: ../diagrams/MOOc(012)(0-1-2).png Graphic file (type png)
<use ../diagrams/MOOc(012)(0-1-2).png>
Package pdftex.def Info: ../diagrams/MOOc(012)(0-1-2).png  used on input line 3
52.
(pdftex.def)             Requested size: 24.0914pt x 16.06093pt.
<../diagrams/c(012-3)(03-13-23).png, id=128, 301.125pt x 160.6pt>
File: ../diagrams/c(012-3)(03-13-23).png Graphic file (type png)
<use ../diagrams/c(012-3)(03-13-23).png>
Package pdftex.def Info: ../diagrams/c(012-3)(03-13-23).png  used on input line
 354.
(pdftex.def)             Requested size: 30.11426pt x 16.06093pt.
File: ../diagrams/c(012-3)(03-13-23).png Graphic file (type png)
<use ../diagrams/c(012-3)(03-13-23).png>
Package pdftex.def Info: ../diagrams/c(012-3)(03-13-23).png  used on input line
 374.
(pdftex.def)             Requested size: 30.11426pt x 16.06093pt.
 [2 <../diagrams/MOO(0)(0).png> <../diagrams/MOO(0)(0-0).png> <../diagrams/MOOc
(01)(0-1).png> <../diagrams/MOO(0)(0-0-0).png> <../diagrams/MOOc(012)(0-1-2).pn
g> <../diagrams/(0-1-2)(01-12).png> <../diagrams/c(012-3)(03-13-23).png>]

Package natbib Warning: Citation `bo13' on page 3 undefined on input line 430.

[3]
<../diagrams/(012-3)(03-13-23).png, id=158, 301.125pt x 160.6pt>
File: ../diagrams/(012-3)(03-13-23).png Graphic file (type png)
<use ../diagrams/(012-3)(03-13-23).png>
Package pdftex.def Info: ../diagrams/(012-3)(03-13-23).png  used on input line 
504.
(pdftex.def)             Requested size: 30.11426pt x 16.06093pt.
<../diagrams/(01-23)(03-13-23).png, id=159, 301.125pt x 160.6pt>
File: ../diagrams/(01-23)(03-13-23).png Graphic file (type png)
<use ../diagrams/(01-23)(03-13-23).png>
Package pdftex.def Info: ../diagrams/(01-23)(03-13-23).png  used on input line 
511.
(pdftex.def)             Requested size: 30.11426pt x 16.06093pt.
<../diagrams/(02-13)(03-13-23).png, id=160, 301.125pt x 160.6pt>
File: ../diagrams/(02-13)(03-13-23).png Graphic file (type png)
<use ../diagrams/(02-13)(03-13-23).png>
Package pdftex.def Info: ../diagrams/(02-13)(03-13-23).png  used on input line 
511.
(pdftex.def)             Requested size: 30.11426pt x 16.06093pt.
<../diagrams/spacetime-e.png, id=161, 1099.10625pt x 617.30624pt>
File: ../diagrams/spacetime-e.png Graphic file (type png)
<use ../diagrams/spacetime-e.png>
Package pdftex.def Info: ../diagrams/spacetime-e.png  used on input line 531.
(pdftex.def)             Requested size: 159.69336pt x 89.6981pt.
<../diagrams/spacetime-f.png, id=162, 1144.275pt x 617.30624pt>
File: ../diagrams/spacetime-f.png Graphic file (type png)
<use ../diagrams/spacetime-f.png>
Package pdftex.def Info: ../diagrams/spacetime-f.png  used on input line 532.
(pdftex.def)             Requested size: 166.25609pt x 89.6981pt.
<../diagrams/(01-2)(01-12).png, id=163, 220.825pt x 120.45pt>
File: ../diagrams/(01-2)(01-12).png Graphic file (type png)
<use ../diagrams/(01-2)(01-12).png>
Package pdftex.def Info: ../diagrams/(01-2)(01-12).png  used on input line 543.

(pdftex.def)             Requested size: 22.08379pt x 12.0457pt.
File: ../diagrams/(01-2)(01-12).png Graphic file (type png)
<use ../diagrams/(01-2)(01-12).png>
Package pdftex.def Info: ../diagrams/(01-2)(01-12).png  used on input line 543.

(pdftex.def)             Requested size: 22.08379pt x 12.0457pt.
File: ../diagrams/(0-1-2)(01-12).png Graphic file (type png)
<use ../diagrams/(0-1-2)(01-12).png>
Package pdftex.def Info: ../diagrams/(0-1-2)(01-12).png  used on input line 543
.
(pdftex.def)             Requested size: 22.08379pt x 12.0457pt.
File: ../diagrams/(01-2)(01-12).png Graphic file (type png)
<use ../diagrams/(01-2)(01-12).png>
Package pdftex.def Info: ../diagrams/(01-2)(01-12).png  used on input line 543.

(pdftex.def)             Requested size: 22.08379pt x 12.0457pt.
File: ../diagrams/(01-2)(01-12).png Graphic file (type png)
<use ../diagrams/(01-2)(01-12).png>
Package pdftex.def Info: ../diagrams/(01-2)(01-12).png  used on input line 543.

(pdftex.def)             Requested size: 22.08379pt x 12.0457pt.
File: ../diagrams/(0-1-2)(01-12).png Graphic file (type png)
<use ../diagrams/(0-1-2)(01-12).png>
Package pdftex.def Info: ../diagrams/(0-1-2)(01-12).png  used on input line 543
.
(pdftex.def)             Requested size: 22.08379pt x 12.0457pt.
 [4 <../diagrams/(012-3)(03-13-23).png> <../diagrams/(01-23)(03-13-23).png> <..
/diagrams/(02-13)(03-13-23).png> <../diagrams/spacetime-e.png> <../diagrams/spa
cetime-f.png> <../diagrams/(01-2)(01-12).png>]
<../diagrams/(01-2-3)(02-12-23).png, id=180, 301.125pt x 160.6pt>
File: ../diagrams/(01-2-3)(02-12-23).png Graphic file (type png)
<use ../diagrams/(01-2-3)(02-12-23).png>
Package pdftex.def Info: ../diagrams/(01-2-3)(02-12-23).png  used on input line
 562.
(pdftex.def)             Requested size: 30.11426pt x 16.06093pt.
<../diagrams/c(0-12)(01-12).png, id=181, 220.825pt x 120.45pt>
File: ../diagrams/c(0-12)(01-12).png Graphic file (type png)
<use ../diagrams/c(0-12)(01-12).png>
Package pdftex.def Info: ../diagrams/c(0-12)(01-12).png  used on input line 600
.
(pdftex.def)             Requested size: 30.91528pt x 16.86287pt.
<../diagrams/(0-12)(01-12).png, id=182, 220.825pt x 120.45pt>
File: ../diagrams/(0-12)(01-12).png Graphic file (type png)
<use ../diagrams/(0-12)(01-12).png>
Package pdftex.def Info: ../diagrams/(0-12)(01-12).png  used on input line 602.

(pdftex.def)             Requested size: 30.91528pt x 16.86287pt.
File: ../diagrams/(0-1-2)(01-12).png Graphic file (type png)
<use ../diagrams/(0-1-2)(01-12).png>
Package pdftex.def Info: ../diagrams/(0-1-2)(01-12).png  used on input line 604
.
(pdftex.def)             Requested size: 30.91528pt x 16.86287pt.


Package natbib Warning: Citation `ro64' on page 5 undefined on input line 608.

<../diagrams/c(012-3)(01-13-23).png, id=183, 301.125pt x 160.6pt>
File: ../diagrams/c(012-3)(01-13-23).png Graphic file (type png)
<use ../diagrams/c(012-3)(01-13-23).png>
Package pdftex.def Info: ../diagrams/c(012-3)(01-13-23).png  used on input line
 631.
(pdftex.def)             Requested size: 30.11426pt x 16.06093pt.
<../diagrams/(012-3)(01-13-23).png, id=184, 301.125pt x 160.6pt>
File: ../diagrams/(012-3)(01-13-23).png Graphic file (type png)
<use ../diagrams/(012-3)(01-13-23).png>
Package pdftex.def Info: ../diagrams/(012-3)(01-13-23).png  used on input line 
631.
(pdftex.def)             Requested size: 30.11426pt x 16.06093pt.
<../diagrams/c(01-2-3)(01-13-23).png, id=185, 301.125pt x 160.6pt>
File: ../diagrams/c(01-2-3)(01-13-23).png Graphic file (type png)
<use ../diagrams/c(01-2-3)(01-13-23).png>
Package pdftex.def Info: ../diagrams/c(01-2-3)(01-13-23).png  used on input lin
e 631.
(pdftex.def)             Requested size: 30.11426pt x 16.06093pt.
<../diagrams/c(02-1-3)(01-13-23).png, id=186, 301.125pt x 160.6pt>
File: ../diagrams/c(02-1-3)(01-13-23).png Graphic file (type png)
<use ../diagrams/c(02-1-3)(01-13-23).png>
Package pdftex.def Info: ../diagrams/c(02-1-3)(01-13-23).png  used on input lin
e 631.
(pdftex.def)             Requested size: 30.11426pt x 16.06093pt.
<../diagrams/c(0-12-3)(01-13-23).png, id=187, 301.125pt x 160.6pt>
File: ../diagrams/c(0-12-3)(01-13-23).png Graphic file (type png)
<use ../diagrams/c(0-12-3)(01-13-23).png>
Package pdftex.def Info: ../diagrams/c(0-12-3)(01-13-23).png  used on input lin
e 631.
(pdftex.def)             Requested size: 30.11426pt x 16.06093pt.
<../diagrams/(0-1-2-3)(01-13-23).png, id=188, 301.125pt x 160.6pt>
File: ../diagrams/(0-1-2-3)(01-13-23).png Graphic file (type png)
<use ../diagrams/(0-1-2-3)(01-13-23).png>
Package pdftex.def Info: ../diagrams/(0-1-2-3)(01-13-23).png  used on input lin
e 631.
(pdftex.def)             Requested size: 30.11426pt x 16.06093pt.
File: ../diagrams/(012-3)(01-13-23).png Graphic file (type png)
<use ../diagrams/(012-3)(01-13-23).png>
Package pdftex.def Info: ../diagrams/(012-3)(01-13-23).png  used on input line 
631.
(pdftex.def)             Requested size: 30.11426pt x 16.06093pt.
<../diagrams/(01-2-3)(01-13-23).png, id=189, 301.125pt x 160.6pt>
File: ../diagrams/(01-2-3)(01-13-23).png Graphic file (type png)
<use ../diagrams/(01-2-3)(01-13-23).png>
Package pdftex.def Info: ../diagrams/(01-2-3)(01-13-23).png  used on input line
 631.
(pdftex.def)             Requested size: 30.11426pt x 16.06093pt.
<../diagrams/(02-1-3)(01-13-23).png, id=190, 301.125pt x 160.6pt>
File: ../diagrams/(02-1-3)(01-13-23).png Graphic file (type png)
<use ../diagrams/(02-1-3)(01-13-23).png>
Package pdftex.def Info: ../diagrams/(02-1-3)(01-13-23).png  used on input line
 631.
(pdftex.def)             Requested size: 30.11426pt x 16.06093pt.
<../diagrams/(0-12-3)(01-13-23).png, id=191, 301.125pt x 160.6pt>
File: ../diagrams/(0-12-3)(01-13-23).png Graphic file (type png)
<use ../diagrams/(0-12-3)(01-13-23).png>
Package pdftex.def Info: ../diagrams/(0-12-3)(01-13-23).png  used on input line
 631.
(pdftex.def)             Requested size: 30.11426pt x 16.06093pt.
File: ../diagrams/(0-1-2-3)(01-13-23).png Graphic file (type png)
<use ../diagrams/(0-1-2-3)(01-13-23).png>
Package pdftex.def Info: ../diagrams/(0-1-2-3)(01-13-23).png  used on input lin
e 631.
(pdftex.def)             Requested size: 30.11426pt x 16.06093pt.
File: ../diagrams/c(012-3)(01-13-23).png Graphic file (type png)
<use ../diagrams/c(012-3)(01-13-23).png>
Package pdftex.def Info: ../diagrams/c(012-3)(01-13-23).png  used on input line
 631.
(pdftex.def)             Requested size: 30.11426pt x 16.06093pt.
File: ../diagrams/(012-3)(01-13-23).png Graphic file (type png)
<use ../diagrams/(012-3)(01-13-23).png>
Package pdftex.def Info: ../diagrams/(012-3)(01-13-23).png  used on input line 
631.
(pdftex.def)             Requested size: 30.11426pt x 16.06093pt.
File: ../diagrams/c(01-2-3)(01-13-23).png Graphic file (type png)
<use ../diagrams/c(01-2-3)(01-13-23).png>
Package pdftex.def Info: ../diagrams/c(01-2-3)(01-13-23).png  used on input lin
e 631.
(pdftex.def)             Requested size: 30.11426pt x 16.06093pt.
File: ../diagrams/c(02-1-3)(01-13-23).png Graphic file (type png)
<use ../diagrams/c(02-1-3)(01-13-23).png>
Package pdftex.def Info: ../diagrams/c(02-1-3)(01-13-23).png  used on input lin
e 631.
(pdftex.def)             Requested size: 30.11426pt x 16.06093pt.
File: ../diagrams/c(0-12-3)(01-13-23).png Graphic file (type png)
<use ../diagrams/c(0-12-3)(01-13-23).png>
Package pdftex.def Info: ../diagrams/c(0-12-3)(01-13-23).png  used on input lin
e 631.
(pdftex.def)             Requested size: 30.11426pt x 16.06093pt.
File: ../diagrams/(0-1-2-3)(01-13-23).png Graphic file (type png)
<use ../diagrams/(0-1-2-3)(01-13-23).png>
Package pdftex.def Info: ../diagrams/(0-1-2-3)(01-13-23).png  used on input lin
e 631.
(pdftex.def)             Requested size: 30.11426pt x 16.06093pt.
File: ../diagrams/(012-3)(01-13-23).png Graphic file (type png)
<use ../diagrams/(012-3)(01-13-23).png>
Package pdftex.def Info: ../diagrams/(012-3)(01-13-23).png  used on input line 
631.
(pdftex.def)             Requested size: 30.11426pt x 16.06093pt.
File: ../diagrams/(01-2-3)(01-13-23).png Graphic file (type png)
<use ../diagrams/(01-2-3)(01-13-23).png>
Package pdftex.def Info: ../diagrams/(01-2-3)(01-13-23).png  used on input line
 631.
(pdftex.def)             Requested size: 30.11426pt x 16.06093pt.
File: ../diagrams/(02-1-3)(01-13-23).png Graphic file (type png)
<use ../diagrams/(02-1-3)(01-13-23).png>
Package pdftex.def Info: ../diagrams/(02-1-3)(01-13-23).png  used on input line
 631.
(pdftex.def)             Requested size: 30.11426pt x 16.06093pt.
File: ../diagrams/(0-12-3)(01-13-23).png Graphic file (type png)
<use ../diagrams/(0-12-3)(01-13-23).png>
Package pdftex.def Info: ../diagrams/(0-12-3)(01-13-23).png  used on input line
 631.
(pdftex.def)             Requested size: 30.11426pt x 16.06093pt.
File: ../diagrams/(0-1-2-3)(01-13-23).png Graphic file (type png)
<use ../diagrams/(0-1-2-3)(01-13-23).png>
Package pdftex.def Info: ../diagrams/(0-1-2-3)(01-13-23).png  used on input lin
e 631.
(pdftex.def)             Requested size: 30.11426pt x 16.06093pt.
<../diagrams/c(0-1-2)(02-12).png, id=192, 220.825pt x 120.45pt>
File: ../diagrams/c(0-1-2)(02-12).png Graphic file (type png)
<use ../diagrams/c(0-1-2)(02-12).png>
Package pdftex.def Info: ../diagrams/c(0-1-2)(02-12).png  used on input line 63
9.
(pdftex.def)             Requested size: 22.08379pt x 12.0457pt.
<../diagrams/c(01-2)(01-12).png, id=193, 220.825pt x 120.45pt>
File: ../diagrams/c(01-2)(01-12).png Graphic file (type png)
<use ../diagrams/c(01-2)(01-12).png>
Package pdftex.def Info: ../diagrams/c(01-2)(01-12).png  used on input line 640
.
(pdftex.def)             Requested size: 22.08379pt x 12.0457pt.
<../diagrams/c(0-1-2)(01-12).png, id=194, 220.825pt x 120.45pt>
File: ../diagrams/c(0-1-2)(01-12).png Graphic file (type png)
<use ../diagrams/c(0-1-2)(01-12).png>
Package pdftex.def Info: ../diagrams/c(0-1-2)(01-12).png  used on input line 64
3.
(pdftex.def)             Requested size: 22.08379pt x 12.0457pt.
<../diagrams/c(02-1-3)(01-12-23).png, id=195, 301.125pt x 160.6pt>
File: ../diagrams/c(02-1-3)(01-12-23).png Graphic file (type png)
<use ../diagrams/c(02-1-3)(01-12-23).png>
Package pdftex.def Info: ../diagrams/c(02-1-3)(01-12-23).png  used on input lin
e 644.
(pdftex.def)             Requested size: 30.11426pt x 16.06093pt.
[5 <../diagrams/(01-2-3)(02-12-23).png> <../diagrams/c(0-12)(01-12).png> <../di
agrams/(0-12)(01-12).png> <../diagrams/c(012-3)(01-13-23).png> <../diagrams/(01
2-3)(01-13-23).png> <../diagrams/c(01-2-3)(01-13-23).png> <../diagrams/c(02-1-3
)(01-13-23).png> <../diagrams/c(0-12-3)(01-13-23).png> <../diagrams/(0-1-2-3)(0
1-13-23).png> <../diagrams/(01-2-3)(01-13-23).png> <../diagrams/(02-1-3)(01-13-
23).png> <../diagrams/(0-12-3)(01-13-23).png> <../diagrams/c(0-1-2)(02-12).png>
 <../diagrams/c(01-2)(01-12).png> <../diagrams/c(0-1-2)(01-12).png> <../diagram
s/c(02-1-3)(01-12-23).png>]

Package amsmath Warning: Foreign command \atopwithdelims;
(amsmath)                \frac or \genfrac should be used instead
(amsmath)                 on input line 732.

[6]
<../diagrams/(0-1-2-3)(01-12-23).png, id=239, 301.125pt x 160.6pt>
File: ../diagrams/(0-1-2-3)(01-12-23).png Graphic file (type png)
<use ../diagrams/(0-1-2-3)(01-12-23).png>
Package pdftex.def Info: ../diagrams/(0-1-2-3)(01-12-23).png  used on input lin
e 792.
(pdftex.def)             Requested size: 66.2477pt x 35.33209pt.
File: ../diagrams/(0-1-2-3)(01-13-23).png Graphic file (type png)
<use ../diagrams/(0-1-2-3)(01-13-23).png>
Package pdftex.def Info: ../diagrams/(0-1-2-3)(01-13-23).png  used on input lin
e 792.
(pdftex.def)             Requested size: 66.2477pt x 35.33209pt.
<../diagrams/(0-1-2-3)(02-13-23).png, id=240, 301.125pt x 160.6pt>
File: ../diagrams/(0-1-2-3)(02-13-23).png Graphic file (type png)
<use ../diagrams/(0-1-2-3)(02-13-23).png>
Package pdftex.def Info: ../diagrams/(0-1-2-3)(02-13-23).png  used on input lin
e 792.
(pdftex.def)             Requested size: 66.2477pt x 35.33209pt.
<../diagrams/(0-1-2-3)(03-12-23).png, id=241, 301.125pt x 160.6pt>
File: ../diagrams/(0-1-2-3)(03-12-23).png Graphic file (type png)
<use ../diagrams/(0-1-2-3)(03-12-23).png>
Package pdftex.def Info: ../diagrams/(0-1-2-3)(03-12-23).png  used on input lin
e 792.
(pdftex.def)             Requested size: 66.2477pt x 35.33209pt.
<../diagrams/(0-1-2-3)(03-13-23).png, id=242, 301.125pt x 160.6pt>
File: ../diagrams/(0-1-2-3)(03-13-23).png Graphic file (type png)
<use ../diagrams/(0-1-2-3)(03-13-23).png>
Package pdftex.def Info: ../diagrams/(0-1-2-3)(03-13-23).png  used on input lin
e 792.
(pdftex.def)             Requested size: 66.2477pt x 35.33209pt.
<../diagrams/(0-1-2-3)(02-12-23).png, id=243, 301.125pt x 160.6pt>
File: ../diagrams/(0-1-2-3)(02-12-23).png Graphic file (type png)
<use ../diagrams/(0-1-2-3)(02-12-23).png>
Package pdftex.def Info: ../diagrams/(0-1-2-3)(02-12-23).png  used on input lin
e 792.
(pdftex.def)             Requested size: 66.2477pt x 35.33209pt.
<../diagrams/(01-2-3)(02-13-23).png, id=244, 301.125pt x 160.6pt>
File: ../diagrams/(01-2-3)(02-13-23).png Graphic file (type png)
<use ../diagrams/(01-2-3)(02-13-23).png>
Package pdftex.def Info: ../diagrams/(01-2-3)(02-13-23).png  used on input line
 792.
(pdftex.def)             Requested size: 66.2477pt x 35.33209pt.
<../diagrams/(01-2-3)(03-12-23).png, id=245, 301.125pt x 160.6pt>
File: ../diagrams/(01-2-3)(03-12-23).png Graphic file (type png)
<use ../diagrams/(01-2-3)(03-12-23).png>
Package pdftex.def Info: ../diagrams/(01-2-3)(03-12-23).png  used on input line
 792.
(pdftex.def)             Requested size: 66.2477pt x 35.33209pt.
File: ../diagrams/(0-12-3)(01-13-23).png Graphic file (type png)
<use ../diagrams/(0-12-3)(01-13-23).png>
Package pdftex.def Info: ../diagrams/(0-12-3)(01-13-23).png  used on input line
 792.
(pdftex.def)             Requested size: 66.2477pt x 35.33209pt.
<../diagrams/(0-12-3)(02-13-23).png, id=246, 301.125pt x 160.6pt>
File: ../diagrams/(0-12-3)(02-13-23).png Graphic file (type png)
<use ../diagrams/(0-12-3)(02-13-23).png>
Package pdftex.def Info: ../diagrams/(0-12-3)(02-13-23).png  used on input line
 792.
(pdftex.def)             Requested size: 66.2477pt x 35.33209pt.
<../diagrams/(01-2-3)(03-13-23).png, id=247, 301.125pt x 160.6pt>
File: ../diagrams/(01-2-3)(03-13-23).png Graphic file (type png)
<use ../diagrams/(01-2-3)(03-13-23).png>
Package pdftex.def Info: ../diagrams/(01-2-3)(03-13-23).png  used on input line
 792.
(pdftex.def)             Requested size: 66.2477pt x 35.33209pt.
<../diagrams/(0-12-3)(03-13-23).png, id=248, 301.125pt x 160.6pt>
File: ../diagrams/(0-12-3)(03-13-23).png Graphic file (type png)
<use ../diagrams/(0-12-3)(03-13-23).png>
Package pdftex.def Info: ../diagrams/(0-12-3)(03-13-23).png  used on input line
 792.
(pdftex.def)             Requested size: 66.2477pt x 35.33209pt.
File: ../diagrams/(01-2-3)(02-12-23).png Graphic file (type png)
<use ../diagrams/(01-2-3)(02-12-23).png>
Package pdftex.def Info: ../diagrams/(01-2-3)(02-12-23).png  used on input line
 792.
(pdftex.def)             Requested size: 66.2477pt x 35.33209pt.
File: ../diagrams/(012-3)(03-13-23).png Graphic file (type png)
<use ../diagrams/(012-3)(03-13-23).png>
Package pdftex.def Info: ../diagrams/(012-3)(03-13-23).png  used on input line 
792.
(pdftex.def)             Requested size: 66.2477pt x 35.33209pt.


Package hyperref Warning: Token not allowed in a PDF string (PDFDocEncoding):
(hyperref)                removing `math shift' on input line 808.


Package hyperref Warning: Token not allowed in a PDF string (PDFDocEncoding):
(hyperref)                removing `math shift' on input line 808.

File: ../diagrams/(01-2-3)(02-12-23).png Graphic file (type png)
<use ../diagrams/(01-2-3)(02-12-23).png>
Package pdftex.def Info: ../diagrams/(01-2-3)(02-12-23).png  used on input line
 810.
(pdftex.def)             Requested size: 30.11426pt x 16.06093pt.

LaTeX Warning: Reference `sect:calculations' on page 7 undefined on input line 
816.

<../diagrams/c(01-2-3)(02-12-23).png, id=252, 301.125pt x 160.6pt>
File: ../diagrams/c(01-2-3)(02-12-23).png Graphic file (type png)
<use ../diagrams/c(01-2-3)(02-12-23).png>
Package pdftex.def Info: ../diagrams/c(01-2-3)(02-12-23).png  used on input lin
e 831.
(pdftex.def)             Requested size: 30.11426pt x 16.06093pt.
<../diagrams/c(01-2)(02-12).png, id=253, 220.825pt x 120.45pt>
File: ../diagrams/c(01-2)(02-12).png Graphic file (type png)
<use ../diagrams/c(01-2)(02-12).png>
Package pdftex.def Info: ../diagrams/c(01-2)(02-12).png  used on input line 835
.
(pdftex.def)             Requested size: 22.08379pt x 12.0457pt.
File: ../diagrams/c(01-2-3)(02-12-23).png Graphic file (type png)
<use ../diagrams/c(01-2-3)(02-12-23).png>
Package pdftex.def Info: ../diagrams/c(01-2-3)(02-12-23).png  used on input lin
e 840.
(pdftex.def)             Requested size: 30.11426pt x 16.06093pt.
File: ../diagrams/c(01-2)(02-12).png Graphic file (type png)
<use ../diagrams/c(01-2)(02-12).png>
Package pdftex.def Info: ../diagrams/c(01-2)(02-12).png  used on input line 844
.
(pdftex.def)             Requested size: 22.08379pt x 12.0457pt.
File: ../diagrams/c(01-2-3)(02-12-23).png Graphic file (type png)
<use ../diagrams/c(01-2-3)(02-12-23).png>
Package pdftex.def Info: ../diagrams/c(01-2-3)(02-12-23).png  used on input lin
e 849.
(pdftex.def)             Requested size: 30.11426pt x 16.06093pt.
[7 <../diagrams/(0-1-2-3)(01-12-23).png> <../diagrams/(0-1-2-3)(02-13-23).png> 
<../diagrams/(0-1-2-3)(03-12-23).png> <../diagrams/(0-1-2-3)(03-13-23).png> <..
/diagrams/(0-1-2-3)(02-12-23).png> <../diagrams/(01-2-3)(02-13-23).png> <../dia
grams/(01-2-3)(03-12-23).png> <../diagrams/(0-12-3)(02-13-23).png> <../diagrams
/(01-2-3)(03-13-23).png> <../diagrams/(0-12-3)(03-13-23).png> <../diagrams/c(01
-2-3)(02-12-23).png> <../diagrams/c(01-2)(02-12).png>]

Package natbib Warning: Citation `ya19b' on page 8 undefined on input line 855.


<../diagrams/(01-2)(02-12).png, id=279, 220.825pt x 120.45pt>
File: ../diagrams/(01-2)(02-12).png Graphic file (type png)
<use ../diagrams/(01-2)(02-12).png>
Package pdftex.def Info: ../diagrams/(01-2)(02-12).png  used on input line 870.

(pdftex.def)             Requested size: 22.08379pt x 12.0457pt.
<../diagrams/(01)(01).png, id=280, 140.525pt x 80.3pt>
File: ../diagrams/(01)(01).png Graphic file (type png)
<use ../diagrams/(01)(01).png>
Package pdftex.def Info: ../diagrams/(01)(01).png  used on input line 871.
(pdftex.def)             Requested size: 14.05331pt x 8.03046pt.
<../diagrams/entropic-force-diagram.jpg, id=282, 2310.6325pt x 1504.62125pt>
File: ../diagrams/entropic-force-diagram.jpg Graphic file (type jpg)
<use ../diagrams/entropic-force-diagram.jpg>
Package pdftex.def Info: ../diagrams/entropic-force-diagram.jpg  used on input 
line 903.
(pdftex.def)             Requested size: 169.51743pt x 110.40253pt.
<../diagrams/sharp.png, id=283, 1471.4975pt x 973.6375pt>
File: ../diagrams/sharp.png Graphic file (type png)
<use ../diagrams/sharp.png>
Package pdftex.def Info: ../diagrams/sharp.png  used on input line 904.
(pdftex.def)             Requested size: 161.61824pt x 106.94916pt.

LaTeX Warning: `!h' float specifier changed to `!ht'.


Overfull \hbox (21.15591pt too wide) in paragraph at lines 933--939
[][]\T1/txr/bx/n/10 Corollary 3 \T1/txr/m/n/10 (-20) (Epoch Num-ber)\T1/txr/bx/
n/10 . []\T1/txr/m/it/10 (-20) To or-der $\OML/txmi/m/it/10 ^^Q[]$\T1/txr/m/it/
10 (-20) , one-epoch SGD has $[] [] [] [] \OML/txmi/m/it/10 G[]=\OT1/txr/m/n/10
 (-20) 2$
 []

File: ../diagrams/c(01-2)(01-12).png Graphic file (type png)
<use ../diagrams/c(01-2)(01-12).png>
Package pdftex.def Info: ../diagrams/c(01-2)(01-12).png  used on input line 941
.
(pdftex.def)             Requested size: 22.08379pt x 12.0457pt.

Package natbib Warning: Citation `li18' on page 8 undefined on input line 962.

[8 <../diagrams/(01-2)(02-12).png> <../diagrams/(01)(01).png>]
File: ../diagrams/c(012-3)(03-13-23).png Graphic file (type png)
<use ../diagrams/c(012-3)(03-13-23).png>
Package pdftex.def Info: ../diagrams/c(012-3)(03-13-23).png  used on input line
 978.
(pdftex.def)             Requested size: 30.11426pt x 16.06093pt.


LaTeX Warning: Reference `sect:landscape' on page 9 undefined on input line 101
0.

[9 <../diagrams/entropic-force-diagram.jpg> <../diagrams/sharp.png>]

LaTeX Warning: Reference `sect:figures' on page 10 undefined on input line 1023
.

<../plots/new-test-0.png, id=324, 383.7537pt x 302.8113pt>
File: ../plots/new-test-0.png Graphic file (type png)
<use ../plots/new-test-0.png>
Package pdftex.def Info: ../plots/new-test-0.png  used on input line 1028.
(pdftex.def)             Requested size: 108.17639pt x 85.35826pt.
<../plots/rebut-test-1-T100.png, id=325, 430.0065pt x 320.8788pt>
File: ../plots/rebut-test-1-T100.png Graphic file (type png)
<use ../plots/rebut-test-1-T100.png>
Package pdftex.def Info: ../plots/rebut-test-1-T100.png  used on input line 102
9.
(pdftex.def)             Requested size: 114.38422pt x 85.35826pt.
<../plots/new-big-bm-new.png, id=330, 388.8126pt x 300.6432pt>
File: ../plots/new-big-bm-new.png Graphic file (type png)
<use ../plots/new-big-bm-new.png>
Package pdftex.def Info: ../plots/new-big-bm-new.png  used on input line 1066.
(pdftex.def)             Requested size: 110.39151pt x 85.35826pt.
<../plots/rebut-gen-cifar-lenet-4.png, id=331, 383.7537pt x 314.3745pt>
File: ../plots/rebut-gen-cifar-lenet-4.png Graphic file (type png)
<use ../plots/rebut-gen-cifar-lenet-4.png>
Package pdftex.def Info: ../plots/rebut-gen-cifar-lenet-4.png  used on input li
ne 1067.
(pdftex.def)             Requested size: 104.19458pt x 85.35826pt.

LaTeX Warning: `!h' float specifier changed to `!ht'.

[10 <../plots/new-test-0.png> <../plots/rebut-test-1-T100.png>] [11 <../plots/n
ew-big-bm-new.png> <../plots/rebut-gen-cifar-lenet-4.png>]
<../plots/new-thermo-linear-screw.png, id=361, 396.0396pt x 302.8113pt>
File: ../plots/new-thermo-linear-screw.png Graphic file (type png)
<use ../plots/new-thermo-linear-screw.png>
Package pdftex.def Info: ../plots/new-thermo-linear-screw.png  used on input li
ne 1187.
(pdftex.def)             Requested size: 165.59853pt x 126.61617pt.
<../plots/new-tak.png, id=362, 401.0985pt x 302.8113pt>
File: ../plots/new-tak.png Graphic file (type png)
<use ../plots/new-tak.png>
Package pdftex.def Info: ../plots/new-tak.png  used on input line 1188.
(pdftex.def)             Requested size: 165.59853pt x 125.01746pt.


Package natbib Warning: Citation `di18' on page 12 undefined on input line 1215
.


LaTeX Warning: Reference `sect:landscape' on page 12 undefined on input line 12
37.


LaTeX Warning: Reference `sect:figures' on page 12 undefined on input line 1237
.

[12 <../plots/new-thermo-linear-screw.png> <../plots/new-tak.png>]

Package natbib Warning: Citation `ki52' on page 13 undefined on input line 1253
.


Package natbib Warning: Citation `ca47' on page 13 undefined on input line 1253
.


Package natbib Warning: Citation `ro51' on page 13 undefined on input line 1254
.


Package natbib Warning: Citation `we74' on page 13 undefined on input line 1255
.


Package natbib Warning: Citation `le15' on page 13 undefined on input line 1257
.


Package natbib Warning: Citation `ne17a' on page 13 undefined on input line 126
4.


Package natbib Warning: Citation `ba17' on page 13 undefined on input line 1264
.


Package natbib Warning: Citation `zh17' on page 13 undefined on input line 1268
.


Package natbib Warning: Citation `ne17b' on page 13 undefined on input line 126
9.


Package natbib Warning: Citation `ya19a' on page 13 undefined on input line 127
2.


Package natbib Warning: Citation `ja18' on page 13 undefined on input line 1288
.


Package natbib Warning: Citation `li18' on page 13 undefined on input line 1298
.


Package natbib Warning: Citation `ho17' on page 13 undefined on input line 1300
.


Package natbib Warning: Citation `st56' on page 13 undefined on input line 1302
.


Package natbib Warning: Citation `dy19' on page 13 undefined on input line 1309
.


Package natbib Warning: Citation `li17' on page 13 undefined on input line 1312
.


Package natbib Warning: Citation `ro12' on page 13 undefined on input line 1324
.


Package natbib Warning: Citation `ku19' on page 13 undefined on input line 1324
.

[13]
File: ../diagrams/c(01-2)(02-12).png Graphic file (type png)
<use ../diagrams/c(01-2)(02-12).png>
Package pdftex.def Info: ../diagrams/c(01-2)(02-12).png  used on input line 134
2.
(pdftex.def)             Requested size: 22.08379pt x 12.0457pt.
File: ../diagrams/c(01-2-3)(02-12-23).png Graphic file (type png)
<use ../diagrams/c(01-2-3)(02-12-23).png>
Package pdftex.def Info: ../diagrams/c(01-2-3)(02-12-23).png  used on input lin
e 1352.
(pdftex.def)             Requested size: 30.11426pt x 16.06093pt.
File: ../diagrams/c(01-2)(01-12).png Graphic file (type png)
<use ../diagrams/c(01-2)(01-12).png>
Package pdftex.def Info: ../diagrams/c(01-2)(01-12).png  used on input line 136
1.
(pdftex.def)             Requested size: 22.08379pt x 12.0457pt.
 [14] [15]
LaTeX Font Info:    Try loading font information for T1+txss on input line 1540
.
 (/usr/share/texlive/texmf-dist/tex/latex/txfonts/t1txss.fd
File: t1txss.fd 2000/12/15 v3.1
)
LaTeX Font Info:    Font shape `T1/txss/m/n' will be
(Font)              scaled to size 9.49997pt on input line 1540.
Package microtype Info: Loading generic protrusion settings for font family
(microtype)             `txss' (encoding: T1).
(microtype)             For optimal results, create family-specific settings.
(microtype)             See the microtype manual for details.

(./perturb-neurips.bbl [16] [17] [18])

Package natbib Warning: There were undefined citations.

Package atveryend Info: Empty hook `BeforeClearDocument' on input line 1571.
[19]
Package atveryend Info: Empty hook `AfterLastShipout' on input line 1571.
 (./perturb-neurips.aux

Package natbib Warning: Citation(s) may have changed.
(natbib)                Rerun to get citations correct.

)
Package atveryend Info: Executing hook `AtVeryEndDocument' on input line 1571.
Package atveryend Info: Executing hook `AtEndAfterFileList' on input line 1571.

Package rerunfilecheck Info: File `perturb-neurips.out' has not changed.
(rerunfilecheck)             Checksum: 72DD5A8BD43E75D3ACE147E82B5FA042;1754.


LaTeX Warning: There were undefined references.

Package atveryend Info: Empty hook `AtVeryVeryEnd' on input line 1571.
 ) 
Here is how much of TeX's memory you used:
 11710 strings out of 494923
 169217 string characters out of 6180743
 281642 words of memory out of 5000000
 14158 multiletter control sequences out of 15000+600000
 106617 words of font info for 472 fonts, out of 8000000 for 9000
 14 hyphenation exceptions out of 8191
 31i,32n,38p,1037b,564s stack positions out of 5000i,500n,10000p,200000b,80000s
{/usr/share/texlive/texmf-dist/fonts/enc/dvips/base/8r.enc}</usr/share/texliv
e/texmf-dist/fonts/type1/public/txfonts/rtxb.pfb></usr/share/texlive/texmf-dist
/fonts/type1/public/txfonts/rtxi.pfb></usr/share/texlive/texmf-dist/fonts/type1
/public/txfonts/rtxmi.pfb></usr/share/texlive/texmf-dist/fonts/type1/public/txf
onts/rtxr.pfb></usr/share/texlive/texmf-dist/fonts/type1/public/txfonts/t1xtt.p
fb></usr/share/texlive/texmf-dist/fonts/type1/public/txfonts/txex.pfb></usr/sha
re/texlive/texmf-dist/fonts/type1/public/txfonts/txsy.pfb></usr/share/texlive/t
exmf-dist/fonts/type1/public/txfonts/txsya.pfb></usr/share/texlive/texmf-dist/f
onts/type1/public/txfonts/txsyb.pfb></usr/share/texlive/texmf-dist/fonts/type1/
public/txfonts/txsyc.pfb></usr/share/texlive/texmf-dist/fonts/type1/urw/helveti
c/uhvr8a.pfb></usr/share/texlive/texmf-dist/fonts/type1/urw/times/utmb8a.pfb></
usr/share/texlive/texmf-dist/fonts/type1/urw/times/utmr8a.pfb></usr/share/texli
ve/texmf-dist/fonts/type1/urw/times/utmri8a.pfb>
Output written on perturb-neurips.pdf (19 pages, 1481336 bytes).
PDF statistics:
 590 PDF objects out of 1000 (max. 8388607)
 446 compressed objects within 5 object streams
 131 named destinations out of 1000 (max. 500000)
 60872 words of extra memory for PDF output out of 61914 (max. 10000000)

